#
# There is insufficient memory for the Java Runtime Environment to continue.
# Native memory allocation (mmap) failed to map 65536 bytes. Error detail: Failed to commit metaspace.
# Possible reasons:
#   The system is out of physical RAM or swap space
#   This process is running with CompressedOops enabled, and the Java Heap may be blocking the growth of the native heap
# Possible solutions:
#   Reduce memory load on the system
#   Increase physical memory or swap space
#   Check if swap backing store is full
#   Decrease Java heap size (-Xmx/-Xms)
#   Decrease number of Java threads
#   Decrease Java thread stack sizes (-Xss)
#   Set larger code cache with -XX:ReservedCodeCacheSize=
#   JVM is running with Unscaled Compressed Oops mode in which the Java heap is
#     placed in the first 4GB address space. The Java Heap base address is the
#     maximum limit for the native heap growth. Please use -XX:HeapBaseMinAddress
#     to set the Java Heap base and to place the Java Heap above 4GB virtual address.
# This output file may be truncated or incomplete.
#
#  Out of Memory Error (virtualSpaceNode.cpp:113), pid=16464, tid=476
#
# JRE version: OpenJDK Runtime Environment (23.0+37) (build 23+37-2369)
# Java VM: OpenJDK 64-Bit Server VM (23+37-2369, mixed mode, emulated-client, sharing, tiered, compressed oops, compressed class ptrs, g1 gc, windows-amd64)
# No core dump will be written. Minidumps are not enabled by default on client versions of Windows
#

---------------  S U M M A R Y ------------

Command Line: -XX:TieredStopAtLevel=1 -Dspring.output.ansi.enabled=always -Dcom.sun.management.jmxremote -Dspring.jmx.enabled=true -Dspring.liveBeansView.mbeanDomain -Dspring.application.admin.enabled=true -Dmanagement.endpoints.jmx.exposure.include=* -javaagent:C:\Users\USER\AppData\Local\Programs\IntelliJ IDEA Ultimate\lib\idea_rt.jar=62847:C:\Users\USER\AppData\Local\Programs\IntelliJ IDEA Ultimate\bin -Dfile.encoding=UTF-8 -Dsun.stdout.encoding=UTF-8 -Dsun.stderr.encoding=UTF-8 com.zosh.zosh_social_youtube.ZoshSocialYoutubeApplication

Host: 11th Gen Intel(R) Core(TM) i5-11400H @ 2.70GHz, 12 cores, 7G,  Windows 10 , 64 bit Build 19041 (10.0.19041.5438)
Time: Tue Apr  1 16:05:19 2025 SE Asia Standard Time elapsed time: 1.374822 seconds (0d 0h 0m 1s)

---------------  T H R E A D  ---------------

Current thread (0x0000021089c41d80):  JavaThread "main"             [_thread_in_vm, id=476, stack(0x000000262e200000,0x000000262e300000) (1024K)]

Stack: [0x000000262e200000,0x000000262e300000]
Native frames: (J=compiled Java code, j=interpreted, Vv=VM code, C=native code)
V  [jvm.dll+0x6e08a9]  (no source info available)
V  [jvm.dll+0x87da63]  (no source info available)
V  [jvm.dll+0x87feee]  (no source info available)
V  [jvm.dll+0x8805c3]  (no source info available)
V  [jvm.dll+0x27aee6]  (no source info available)
V  [jvm.dll+0x87966e]  (no source info available)
V  [jvm.dll+0x682025]  (no source info available)
V  [jvm.dll+0x1e09dc]  (no source info available)
V  [jvm.dll+0x1e07ae]  (no source info available)
V  [jvm.dll+0x684978]  (no source info available)
V  [jvm.dll+0x2219dc]  (no source info available)
V  [jvm.dll+0x682a3e]  (no source info available)
V  [jvm.dll+0x693c39]  (no source info available)
V  [jvm.dll+0x68cfee]  (no source info available)
V  [jvm.dll+0x3d26b1]  (no source info available)
C  0x000002109237bae0  (no source info available)

The last pc belongs to method entry point (kind = zerolocals) (printed below).
Java frames: (J=compiled Java code, j=interpreted, Vv=VM code)
j  org.springframework.boot.context.properties.bind.JavaBeanBinder$BeanProperties.<init>(Lorg/springframework/core/ResolvableType;Ljava/lang/Class;)V+0
j  org.springframework.boot.context.properties.bind.JavaBeanBinder$Bean.<init>(Lorg/springframework/core/ResolvableType;Ljava/lang/Class;)V+3
j  org.springframework.boot.context.properties.bind.JavaBeanBinder$Bean.get(Lorg/springframework/boot/context/properties/bind/Bindable;Z)Lorg/springframework/boot/context/properties/bind/JavaBeanBinder$Bean;+94
j  org.springframework.boot.context.properties.bind.JavaBeanBinder.bind(Lorg/springframework/boot/context/properties/source/ConfigurationPropertyName;Lorg/springframework/boot/context/properties/bind/Bindable;Lorg/springframework/boot/context/properties/bind/Binder$Context;Lorg/springframework/boot/context/properties/bind/DataObjectPropertyBinder;)Ljava/lang/Object;+26
j  org.springframework.boot.context.properties.bind.Binder.lambda$bindDataObject$6(Lorg/springframework/boot/context/properties/source/ConfigurationPropertyName;Lorg/springframework/boot/context/properties/bind/Bindable;Lorg/springframework/boot/context/properties/bind/Binder$Context;Lorg/springframework/boot/context/properties/bind/DataObjectPropertyBinder;Lorg/springframework/boot/context/properties/bind/DataObjectBinder;)Ljava/lang/Object;+6
j  org.springframework.boot.context.properties.bind.Binder$$Lambda+0x000002109c193878.apply(Ljava/lang/Object;)Ljava/lang/Object;+20
J 2006 c1 java.util.stream.ReferencePipeline$3$1.accept(Ljava/lang/Object;)V java.base@23 (23 bytes) @ 0x00000210928bac1c [0x00000210928babc0+0x000000000000005c]
j  java.util.AbstractList$RandomAccessSpliterator.tryAdvance(Ljava/util/function/Consumer;)Z+43 java.base@23
j  java.util.stream.ReferencePipeline.forEachWithCancel(Ljava/util/Spliterator;Ljava/util/stream/Sink;)Z+13 java.base@23
j  java.util.stream.AbstractPipeline.copyIntoWithCancel(Ljava/util/stream/Sink;Ljava/util/Spliterator;)Z+32 java.base@23
J 1941 c1 java.util.stream.AbstractPipeline.copyInto(Ljava/util/stream/Sink;Ljava/util/Spliterator;)V java.base@23 (54 bytes) @ 0x00000210928a16ac [0x00000210928a1580+0x000000000000012c]
J 1940 c1 java.util.stream.AbstractPipeline.wrapAndCopyInto(Ljava/util/stream/Sink;Ljava/util/Spliterator;)Ljava/util/stream/Sink; java.base@23 (18 bytes) @ 0x00000210928a1294 [0x00000210928a11c0+0x00000000000000d4]
j  java.util.stream.FindOps$FindOp.evaluateSequential(Ljava/util/stream/PipelineHelper;Ljava/util/Spliterator;)Ljava/lang/Object;+14 java.base@23
J 2074 c1 java.util.stream.AbstractPipeline.evaluate(Ljava/util/stream/TerminalOp;)Ljava/lang/Object; java.base@23 (94 bytes) @ 0x00000210928caacc [0x00000210928ca9a0+0x000000000000012c]
j  java.util.stream.ReferencePipeline.findFirst()Ljava/util/Optional;+5 java.base@23
j  org.springframework.boot.context.properties.bind.Binder.fromDataObjectBinders(Lorg/springframework/boot/context/properties/bind/BindMethod;Ljava/util/function/Function;)Ljava/lang/Object;+34
j  org.springframework.boot.context.properties.bind.Binder.lambda$bindDataObject$7(Lorg/springframework/boot/context/properties/bind/BindMethod;Lorg/springframework/boot/context/properties/source/ConfigurationPropertyName;Lorg/springframework/boot/context/properties/bind/Bindable;Lorg/springframework/boot/context/properties/bind/Binder$Context;Lorg/springframework/boot/context/properties/bind/DataObjectPropertyBinder;)Ljava/lang/Object;+13
j  org.springframework.boot.context.properties.bind.Binder$$Lambda+0x000002109c193650.get()Ljava/lang/Object;+24
j  org.springframework.boot.context.properties.bind.Binder$Context.withIncreasedDepth(Ljava/util/function/Supplier;)Ljava/lang/Object;+5
j  org.springframework.boot.context.properties.bind.Binder$Context.withDataObject(Ljava/lang/Class;Ljava/util/function/Supplier;)Ljava/lang/Object;+12
j  org.springframework.boot.context.properties.bind.Binder.bindDataObject(Lorg/springframework/boot/context/properties/source/ConfigurationPropertyName;Lorg/springframework/boot/context/properties/bind/Bindable;Lorg/springframework/boot/context/properties/bind/BindHandler;Lorg/springframework/boot/context/properties/bind/Binder$Context;Z)Ljava/lang/Object;+77
j  org.springframework.boot.context.properties.bind.Binder.bindObject(Lorg/springframework/boot/context/properties/source/ConfigurationPropertyName;Lorg/springframework/boot/context/properties/bind/Bindable;Lorg/springframework/boot/context/properties/bind/BindHandler;Lorg/springframework/boot/context/properties/bind/Binder$Context;Z)Ljava/lang/Object;+113
j  org.springframework.boot.context.properties.bind.Binder.bind(Lorg/springframework/boot/context/properties/source/ConfigurationPropertyName;Lorg/springframework/boot/context/properties/bind/Bindable;Lorg/springframework/boot/context/properties/bind/BindHandler;Lorg/springframework/boot/context/properties/bind/Binder$Context;ZZ)Ljava/lang/Object;+41
j  org.springframework.boot.context.properties.bind.Binder.bind(Lorg/springframework/boot/context/properties/source/ConfigurationPropertyName;Lorg/springframework/boot/context/properties/bind/Bindable;Lorg/springframework/boot/context/properties/bind/BindHandler;Z)Ljava/lang/Object;+44
j  org.springframework.boot.context.properties.bind.Binder.bind(Lorg/springframework/boot/context/properties/source/ConfigurationPropertyName;Lorg/springframework/boot/context/properties/bind/Bindable;Lorg/springframework/boot/context/properties/bind/BindHandler;)Lorg/springframework/boot/context/properties/bind/BindResult;+5
j  org.springframework.boot.context.properties.bind.Binder.bind(Ljava/lang/String;Lorg/springframework/boot/context/properties/bind/Bindable;)Lorg/springframework/boot/context/properties/bind/BindResult;+7
j  org.springframework.boot.SpringApplication.bindToSpringApplication(Lorg/springframework/core/env/ConfigurableEnvironment;)V+14
j  org.springframework.boot.SpringApplication.prepareEnvironment(Lorg/springframework/boot/SpringApplicationRunListeners;Lorg/springframework/boot/DefaultBootstrapContext;Lorg/springframework/boot/ApplicationArguments;)Lorg/springframework/core/env/ConfigurableEnvironment;+67
j  org.springframework.boot.SpringApplication.run([Ljava/lang/String;)Lorg/springframework/context/ConfigurableApplicationContext;+65
j  org.springframework.boot.SpringApplication.run([Ljava/lang/Class;[Ljava/lang/String;)Lorg/springframework/context/ConfigurableApplicationContext;+9
j  org.springframework.boot.SpringApplication.run(Ljava/lang/Class;[Ljava/lang/String;)Lorg/springframework/context/ConfigurableApplicationContext;+9
j  com.zosh.zosh_social_youtube.ZoshSocialYoutubeApplication.main([Ljava/lang/String;)V+3
v  ~StubRoutines::call_stub 0x0000021092370fcd
Lock stack of current Java thread (top to bottom):

method entry point (kind = zerolocals)  [0x000002109237b9e0, 0x000002109237bcd0]  752 bytes
[MachCode]
  0x000002109237b9e0: 488b 5308 | 0fb7 4a2e | 0fb7 522c | 2bd1 81fa | f501 0000 | 0f86 2500 | 0000 488b | c248 c1e0 
  0x000002109237ba00: 0348 83c0 | 5849 0387 | d004 0000 | 483b e00f | 870a 0000 | 0058 498b | e550 e9c1 | abff ff58 
  0x000002109237ba20: 4c8d 74cc | f885 d20f | 8e09 0000 | 0068 0000 | 0000 ffca | 7ff7 5055 | 488b ec41 | 5568 0000 
  0x000002109237ba40: 0000 4c8b | 6b08 4d8d | 6d38 5348 | 8b53 0848 | 8b52 0848 | 8b52 1848 | 8b52 7048 | 8b12 5268 
  0x000002109237ba60: 0000 0000 | 488b 5308 | 488b 5208 | 488b 5210 | 5249 8bc6 | 482b c548 | c1e8 0350 | 4155 68f7 
  0x000002109237ba80: ffff ff41 | c687 7104 | 0000 0148 | 8b43 1848 | 85c0 0f85 | b000 0000 | e805 0000 | 00e9 9900 
  0x000002109237baa0: 0000 488b | d348 8d44 | 2408 4c89 | 6dc0 498b | cfc5 f877 | 4989 afb0 | 0300 0049 | 8987 a003 
  0x000002109237bac0: 0000 4883 | ec20 40f6 | c40f 0f84 | 1900 0000 | 4883 ec08 | 48b8 9026 | c515 f87f | 0000 ffd0 
  0x000002109237bae0: 4883 c408 | e90c 0000 | 0048 b890 | 26c5 15f8 | 7f00 00ff | d048 83c4 | 2049 c787 | a003 0000 
  0x000002109237bb00: 0000 0000 | 49c7 87b0 | 0300 0000 | 0000 0049 | c787 a803 | 0000 0000 | 0000 c5f8 | 7749 837f 
  0x000002109237bb20: 0800 0f84 | 0500 0000 | e993 53ff | ff4c 8b6d | c04c 8b75 | c84e 8d74 | f500 c348 | 8b43 1848 
  0x000002109237bb40: 85c0 0f84 | 1200 0000 | 8b48 0883 | c102 8948 | 0823 481c | 0f84 c200 | 0000 493b | a7e8 0400 
  0x000002109237bb60: 000f 8748 | 0000 0089 | 8424 00f0 | ffff 8984 | 2400 e0ff | ff89 8424 | 00d0 ffff | 8984 2400 
  0x000002109237bb80: c0ff ff89 | 8424 00b0 | ffff 8984 | 2400 a0ff | ff89 8424 | 0090 ffff | 8984 2400 | 80ff ff49 
  0x000002109237bba0: 3ba7 e004 | 0000 7607 | 4989 a7e8 | 0400 0041 | c687 7104 | 0000 0049 | ba41 ad4c | 16f8 7f00 
  0x000002109237bbc0: 0041 803a | 000f 843e | 0000 0048 | 8b55 e849 | 8bcf 4883 | ec20 40f6 | c40f 0f84 | 1900 0000 
  0x000002109237bbe0: 4883 ec08 | 48b8 00ee | fc15 f87f | 0000 ffd0 | 4883 c408 | e90c 0000 | 0048 b800 | eefc 15f8 
  0x000002109237bc00: 7f00 00ff | d048 83c4 | 2041 0fb6 | 5d00 49ba | 507e 5016 | f87f 0000 | 41ff 24da | ba00 0000 
  0x000002109237bc20: 00e8 0500 | 0000 e996 | 0000 0048 | 8d44 2408 | 4c89 6dc0 | 498b cfc5 | f877 4989 | afb0 0300 
  0x000002109237bc40: 0049 8987 | a003 0000 | 4883 ec20 | 40f6 c40f | 0f84 1900 | 0000 4883 | ec08 48b8 | a031 c515 
  0x000002109237bc60: f87f 0000 | ffd0 4883 | c408 e90c | 0000 0048 | b8a0 31c5 | 15f8 7f00 | 00ff d048 | 83c4 2049 
  0x000002109237bc80: c787 a003 | 0000 0000 | 0000 49c7 | 87b0 0300 | 0000 0000 | 0049 c787 | a803 0000 | 0000 0000 
  0x000002109237bca0: c5f8 7749 | 837f 0800 | 0f84 0500 | 0000 e90d | 52ff ff4c | 8b6d c04c | 8b75 c84e | 8d74 f500 
  0x000002109237bcc0: c348 8b5d | e8e9 90fe | ffff 660f | 1f44 0000 
[/MachCode]

Compiled method (c1) 1439 2006       1       java.util.stream.ReferencePipeline$3$1::accept (23 bytes)
 total in heap  [0x00000210928baa88,0x00000210928bad00] = 632
 relocation     [0x00000210928bab60,0x00000210928baba8] = 72
 main code      [0x00000210928babc0,0x00000210928baca0] = 224
 stub code      [0x00000210928baca0,0x00000210928bacf8] = 88
 metadata       [0x00000210928bacf8,0x00000210928bad00] = 8
 immutable data [0x00000210e0ee96f0,0x00000210e0ee9778] = 136
 dependencies   [0x00000210e0ee96f0,0x00000210e0ee96f8] = 8
 nul chk table  [0x00000210e0ee96f8,0x00000210e0ee9708] = 16
 scopes pcs     [0x00000210e0ee9708,0x00000210e0ee9758] = 80
 scopes data    [0x00000210e0ee9758,0x00000210e0ee9778] = 32

[Constant Pool (empty)]

[MachCode]
[Instructions begin]
  0x00000210928babc0: 6666 660f | 1f84 0000 | 0000 0066 | 6666 9066 | 6690 448b | 5208 443b 

  0x00000210928babd8: ;   {runtime_call ic_miss_stub}
  0x00000210928babd8: 5008 0f85 | 003b b0ff 
[Verified Entry Point]
  0x00000210928babe0: 8984 2400 | 80ff ff55 | 4883 ec30 | 4181 7f20 | 0100 0000 

  0x00000210928babf4: ;   {runtime_call StubRoutines (final stubs)}
  0x00000210928babf4: 7405 e865 | f7ae ff8b | 720c 8b52 | 108b 5234 | 4889 7424 | 200f 1f40 | 0048 b8c0 | e1d3 e010 
  0x00000210928bac14: ;   {virtual_call}
  0x00000210928bac14: 0200 00e8 

  0x00000210928bac18: ; ImmutableOopMap {[32]=Oop }
                      ;*invokeinterface apply {reexecute=0 rethrow=0 return_oop=0}
                      ; - java.util.stream.ReferencePipeline$3$1::accept@12 (line 215)
  0x00000210928bac18: 34fb bcff 

  0x00000210928bac1c: ;   {other}
  0x00000210928bac1c: 0f1f 8400 | 9401 0000 | 4c8b c048 | 8b54 2420 | 9048 b8e8 | e1d3 e010 

  0x00000210928bac34: ;   {virtual_call}
  0x00000210928bac34: 0200 00e8 

  0x00000210928bac38: ; ImmutableOopMap {}
                      ;*invokeinterface accept {reexecute=0 rethrow=0 return_oop=0}
                      ; - java.util.stream.ReferencePipeline$3$1::accept@17 (line 215)
  0x00000210928bac38: 24fc bcff 

  0x00000210928bac3c: ;   {other}
  0x00000210928bac3c: 0f1f 8400 | b401 0001 | 4883 c430 

  0x00000210928bac48: ;   {poll_return}
  0x00000210928bac48: 5d49 3ba7 | 4804 0000 | 0f87 0600 

  0x00000210928bac54: ;   {runtime_call throw_null_pointer_exception Runtime1 stub}
  0x00000210928bac54: 0000 c3e8 

  0x00000210928bac58: ; ImmutableOopMap {r8=Oop rsi=Oop }
                      ;*getfield val$mapper {reexecute=1 rethrow=0 return_oop=0}
                      ; - (reexecute) java.util.stream.ReferencePipeline$3$1::accept@8 (line 215)
  0x00000210928bac58: 8432 bcff 

  0x00000210928bac5c: ;   {internal_word}
  0x00000210928bac5c: 49ba 49ac | 8b92 1002 | 0000 4d89 | 9760 0400 

  0x00000210928bac6c: ;   {runtime_call SafepointBlob}
  0x00000210928bac6c: 00e9 6ebb | b0ff 498b | 8700 0500 | 0049 c787 | 0005 0000 | 0000 0000 | 49c7 8708 | 0500 0000 
  0x00000210928bac8c: 0000 0048 | 83c4 305d 

  0x00000210928bac94: ;   {runtime_call unwind_exception Runtime1 stub}
  0x00000210928bac94: e9c7 1dbc | fff4 f4f4 | f4f4 f4f4 
[Stub Code]
  0x00000210928baca0: ;   {no_reloc}
  0x00000210928baca0: 0f1f 4400 

  0x00000210928baca4: ;   {static_stub}
  0x00000210928baca4: 0048 bb00 | 0000 0000 

  0x00000210928bacac: ;   {runtime_call nmethod}
  0x00000210928bacac: 0000 00e9 | fbff ffff 

  0x00000210928bacb4: ;   {static_stub}
  0x00000210928bacb4: 9048 bb00 | 0000 0000 

  0x00000210928bacbc: ;   {runtime_call nmethod}
  0x00000210928bacbc: 0000 00e9 | fbff ffff 
[Exception Handler]
  0x00000210928bacc4: ;   {runtime_call handle_exception_from_callee Runtime1 stub}
  0x00000210928bacc4: e897 5abc 

  0x00000210928bacc8: ;   {external_word}
  0x00000210928bacc8: ff48 b920 | d524 16f8 | 7f00 0048 

  0x00000210928bacd4: ;   {runtime_call}
  0x00000210928bacd4: 83e4 f048 | b860 4aeb | 15f8 7f00 | 00ff d0f4 
[Deopt Handler Code]
  0x00000210928bace4: ;   {section_word}
  0x00000210928bace4: 49ba e4ac | 8b92 1002 | 0000 4152 

  0x00000210928bacf0: ;   {runtime_call DeoptimizationBlob}
  0x00000210928bacf0: e90b cfb0 | fff4 f4f4 
[/MachCode]


Compiled method (c1) 1447 1941       1       java.util.stream.AbstractPipeline::copyInto (54 bytes)
 total in heap  [0x00000210928a1408,0x00000210928a1868] = 1120
 relocation     [0x00000210928a14e0,0x00000210928a1570] = 144
 main code      [0x00000210928a1580,0x00000210928a17b0] = 560
 stub code      [0x00000210928a17b0,0x00000210928a1848] = 152
 metadata       [0x00000210928a1848,0x00000210928a1868] = 32
 immutable data [0x00000210e0df6270,0x00000210e0df6370] = 256
 dependencies   [0x00000210e0df6270,0x00000210e0df6280] = 16
 scopes pcs     [0x00000210e0df6280,0x00000210e0df6310] = 144
 scopes data    [0x00000210e0df6310,0x00000210e0df6370] = 96

[Constant Pool (empty)]

[MachCode]
[Instructions begin]
  0x00000210928a1580: 6666 660f | 1f84 0000 | 0000 0066 | 6666 9066 | 6690 448b | 5208 443b 

  0x00000210928a1598: ;   {runtime_call ic_miss_stub}
  0x00000210928a1598: 5008 0f85 | 40d1 b1ff 
[Verified Entry Point]
  0x00000210928a15a0: 8984 2400 | 80ff ff55 | 4883 ec60 | 4181 7f20 | 0100 0000 

  0x00000210928a15b4: ;   {runtime_call StubRoutines (final stubs)}
  0x00000210928a15b4: 7405 e8a5 | 8db0 ff4c | 8944 2438 | 4c89 4c24 | 404d 85c0 | 0f84 f900 | 0000 8b72 

  0x00000210928a15d0: ;   {oop(a 'java/util/stream/StreamOpFlag'{0x0000000083bd5b98})}
  0x00000210928a15d0: 1448 bf98 | 5bbd 8300 | 0000 008b | 5f24 8b7f | 1c48 23f3 | 3bf7 be00 | 0000 0075 | 05be 0100 
  0x00000210928a15f0: 0000 83e6 | 0185 f60f | 859a 0000 | 0049 8bd1 | 0f1f 4400 | 0048 b8d0 | a5e5 e010 

  0x00000210928a160c: ;   {virtual_call}
  0x00000210928a160c: 0200 00e8 

  0x00000210928a1610: ; ImmutableOopMap {[56]=Oop [64]=Oop }
                      ;*invokeinterface getExactSizeIfKnown {reexecute=0 rethrow=0 return_oop=0}
                      ; - java.util.stream.AbstractPipeline::copyInto@20 (line 569)
  0x00000210928a1610: 5cf6 f8ff 

  0x00000210928a1614: ;   {other}
  0x00000210928a1614: 0f1f 8400 | 0c02 0000 | 4c8b c048 | 8b54 2438 | 9048 b8f8 | a5e5 e010 

  0x00000210928a162c: ;   {virtual_call}
  0x00000210928a162c: 0200 00e8 

  0x00000210928a1630: ; ImmutableOopMap {[56]=Oop [64]=Oop }
                      ;*invokeinterface begin {reexecute=0 rethrow=0 return_oop=0}
                      ; - java.util.stream.AbstractPipeline::copyInto@25 (line 569)
  0x00000210928a1630: 1c91 beff 

  0x00000210928a1634: ;   {other}
  0x00000210928a1634: 0f1f 8400 | 2c02 0001 | 4c8b 4424 | 3848 8b54 | 2440 0f1f | 8000 0000 | 0048 b820 | a6e5 e010 
  0x00000210928a1654: ;   {virtual_call}
  0x00000210928a1654: 0200 00e8 

  0x00000210928a1658: ; ImmutableOopMap {[56]=Oop }
                      ;*invokeinterface forEachRemaining {reexecute=0 rethrow=0 return_oop=0}
                      ; - java.util.stream.AbstractPipeline::copyInto@32 (line 570)
  0x00000210928a1658: f490 beff 

  0x00000210928a165c: ;   {other}
  0x00000210928a165c: 0f1f 8400 | 5402 0002 | 488b 5424 | 380f 1f40 | 0048 b848 | a6e5 e010 

  0x00000210928a1674: ;   {virtual_call}
  0x00000210928a1674: 0200 00e8 

  0x00000210928a1678: ; ImmutableOopMap {}
                      ;*invokeinterface end {reexecute=0 rethrow=0 return_oop=0}
                      ; - java.util.stream.AbstractPipeline::copyInto@38 (line 571)
  0x00000210928a1678: 8497 beff 

  0x00000210928a167c: ;   {other}
  0x00000210928a167c: 0f1f 8400 | 7402 0003 | 4883 c460 

  0x00000210928a1688: ;   {poll_return}
  0x00000210928a1688: 5d49 3ba7 | 4804 0000 | 0f87 b800 | 0000 c34c | 8b44 2438 | 4c8b 4c24 | 4066 0f1f 

  0x00000210928a16a4: ;   {optimized virtual_call}
  0x00000210928a16a4: 4400 00e8 

  0x00000210928a16a8: ; ImmutableOopMap {}
                      ;*invokevirtual copyIntoWithCancel {reexecute=0 rethrow=0 return_oop=0}
                      ; - java.util.stream.AbstractPipeline::copyInto@49 (line 574)
  0x00000210928a16a8: 5701 0000 

  0x00000210928a16ac: ;   {other}
  0x00000210928a16ac: 0f1f 8400 | a402 0004 | 4883 c460 

  0x00000210928a16b8: ;   {poll_return}
  0x00000210928a16b8: 5d49 3ba7 | 4804 0000 | 0f87 9e00 | 0000 c348 | 8954 2450 

  0x00000210928a16cc: ;   {metadata('java/lang/NullPointerException')}
  0x00000210928a16cc: 48ba 981b | 1b9b 1002 | 0000 498b | 87b8 0100 | 0048 8d78 | 3049 3bbf | c801 0000 | 0f87 8c00 
  0x00000210928a16ec: 0000 4989 | bfb8 0100 | 0048 c700 | 0100 0000 | 488b ca49 | ba00 0000 | 9b10 0200 | 0049 2bca 
  0x00000210928a170c: 8948 0848 | 33c9 8948 | 0c48 33c9 | 4889 4810 | 4889 4818 | 4889 4820 | 4889 4828 | 488b d048 
  0x00000210928a172c: 8944 2448 | 0f1f 8000 

  0x00000210928a1734: ;   {optimized virtual_call}
  0x00000210928a1734: 0000 00e8 

  0x00000210928a1738: ; ImmutableOopMap {[56]=Oop [64]=Oop [72]=Oop [80]=Oop }
                      ;*invokespecial <init> {reexecute=0 rethrow=0 return_oop=0}
                      ; - java.util.Objects::requireNonNull@8 (line 220)
                      ; - java.util.stream.AbstractPipeline::copyInto@1 (line 566)
  0x00000210928a1738: a4d4 b1ff 

  0x00000210928a173c: ;   {other}
  0x00000210928a173c: 0f1f 8400 | 3403 0005 | 488b 4424 | 48e9 5300 

  0x00000210928a174c: ;   {internal_word}
  0x00000210928a174c: 0000 49ba | 8916 8a92 | 1002 0000 | 4d89 9760 

  0x00000210928a175c: ;   {runtime_call SafepointBlob}
  0x00000210928a175c: 0400 00e9 | 7c50 b2ff 

  0x00000210928a1764: ;   {internal_word}
  0x00000210928a1764: 49ba b916 | 8a92 1002 | 0000 4d89 | 9760 0400 

  0x00000210928a1774: ;   {runtime_call SafepointBlob}
  0x00000210928a1774: 00e9 6650 | b2ff 488b 

  0x00000210928a177c: ;   {runtime_call fast_new_instance Runtime1 stub}
  0x00000210928a177c: d2e8 5ed1 

  0x00000210928a1780: ; ImmutableOopMap {[56]=Oop [64]=Oop [80]=Oop }
                      ;*new {reexecute=0 rethrow=0 return_oop=0}
                      ; - java.util.Objects::requireNonNull@4 (line 220)
                      ; - java.util.stream.AbstractPipeline::copyInto@1 (line 566)
  0x00000210928a1780: bdff eba4 | 498b 8700 | 0500 0049 | c787 0005 | 0000 0000 | 0000 49c7 | 8708 0500 | 0000 0000 
  0x00000210928a17a0: 0048 83c4 

  0x00000210928a17a4: ;   {runtime_call unwind_exception Runtime1 stub}
  0x00000210928a17a4: 605d e9b5 | b2bd fff4 | f4f4 f4f4 
[Stub Code]
  0x00000210928a17b0: ;   {no_reloc}
  0x00000210928a17b0: 0f1f 4400 

  0x00000210928a17b4: ;   {static_stub}
  0x00000210928a17b4: 0048 bb00 | 0000 0000 

  0x00000210928a17bc: ;   {runtime_call nmethod}
  0x00000210928a17bc: 0000 00e9 | fbff ffff 

  0x00000210928a17c4: ;   {static_stub}
  0x00000210928a17c4: 9048 bb00 | 0000 0000 

  0x00000210928a17cc: ;   {runtime_call nmethod}
  0x00000210928a17cc: 0000 00e9 | fbff ffff 

  0x00000210928a17d4: ;   {static_stub}
  0x00000210928a17d4: 9048 bb00 | 0000 0000 

  0x00000210928a17dc: ;   {runtime_call nmethod}
  0x00000210928a17dc: 0000 00e9 | fbff ffff 

  0x00000210928a17e4: ;   {static_stub}
  0x00000210928a17e4: 9048 bb00 | 0000 0000 

  0x00000210928a17ec: ;   {runtime_call nmethod}
  0x00000210928a17ec: 0000 00e9 | fbff ffff 

  0x00000210928a17f4: ;   {static_stub}
  0x00000210928a17f4: 48bb 0000 | 0000 0000 

  0x00000210928a17fc: ;   {runtime_call nmethod}
  0x00000210928a17fc: 0000 e9fb 

  0x00000210928a1800: ;   {static_stub}
  0x00000210928a1800: ffff ff48 | bb50 6b20 | 9b10 0200 

  0x00000210928a180c: ;   {runtime_call I2C/C2I adapters}
  0x00000210928a180c: 00e9 28bf 

  0x00000210928a1810: ;   {runtime_call handle_exception_from_callee Runtime1 stub}
  0x00000210928a1810: b1ff e849 

  0x00000210928a1814: ;   {external_word}
  0x00000210928a1814: efbd ff48 | b920 d524 | 16f8 7f00 | 0048 83e4 

  0x00000210928a1824: ;   {runtime_call}
  0x00000210928a1824: f048 b860 | 4aeb 15f8 | 7f00 00ff 

  0x00000210928a1830: ;   {section_word}
  0x00000210928a1830: d0f4 49ba | 3218 8a92 | 1002 0000 

  0x00000210928a183c: ;   {runtime_call DeoptimizationBlob}
  0x00000210928a183c: 4152 e9bd | 63b2 fff4 | f4f4 f4f4 
[/MachCode]


---------------  P R O C E S S  ---------------

Threads class SMR info:
_java_thread_list=0x00000210e0fb9380, length=19, elements={
0x0000021089c41d80, 0x000002109ac38b00, 0x000002109ac39bd0, 0x000002109ac3f350,
0x000002109ac40f20, 0x000002109ac4adb0, 0x000002109ac4d930, 0x000002109ac4fc10,
0x000002109ac4d2a0, 0x00000210e00b28c0, 0x00000210e00b5ab0, 0x000002109ac4dfc0,
0x000002109ac4c580, 0x00000210e065bb00, 0x000002109ac4cc10, 0x000002109ac4e650,
0x000002109ac4ece0, 0x000002109ac4b860, 0x00000210e0e0e260
}

Java Threads: ( => current thread )
=>0x0000021089c41d80 JavaThread "main"                              [_thread_in_vm, id=476, stack(0x000000262e200000,0x000000262e300000) (1024K)]
  0x000002109ac38b00 JavaThread "Reference Handler"          daemon [_thread_blocked, id=7032, stack(0x000000262ea00000,0x000000262eb00000) (1024K)]
  0x000002109ac39bd0 JavaThread "Finalizer"                  daemon [_thread_blocked, id=13752, stack(0x000000262eb00000,0x000000262ec00000) (1024K)]
  0x000002109ac3f350 JavaThread "Signal Dispatcher"          daemon [_thread_blocked, id=3920, stack(0x000000262ec00000,0x000000262ed00000) (1024K)]
  0x000002109ac40f20 JavaThread "Attach Listener"            daemon [_thread_blocked, id=2368, stack(0x000000262ed00000,0x000000262ee00000) (1024K)]
  0x000002109ac4adb0 JavaThread "Service Thread"             daemon [_thread_blocked, id=20716, stack(0x000000262ee00000,0x000000262ef00000) (1024K)]
  0x000002109ac4d930 JavaThread "Monitor Deflation Thread"   daemon [_thread_blocked, id=16876, stack(0x000000262ef00000,0x000000262f000000) (1024K)]
  0x000002109ac4fc10 JavaThread "C1 CompilerThread0"         daemon [_thread_blocked, id=13244, stack(0x000000262f000000,0x000000262f100000) (1024K)]
  0x000002109ac4d2a0 JavaThread "Common-Cleaner"             daemon [_thread_blocked, id=15528, stack(0x000000262f100000,0x000000262f200000) (1024K)]
  0x00000210e00b28c0 JavaThread "C1 CompilerThread1"         daemon [_thread_blocked, id=20896, stack(0x000000262f200000,0x000000262f300000) (1024K)]
  0x00000210e00b5ab0 JavaThread "C1 CompilerThread2"         daemon [_thread_blocked, id=18772, stack(0x000000262f300000,0x000000262f400000) (1024K)]
  0x000002109ac4dfc0 JavaThread "Monitor Ctrl-Break"         daemon [_thread_in_native, id=11324, stack(0x000000262f400000,0x000000262f500000) (1024K)]
  0x000002109ac4c580 JavaThread "Notification Thread"        daemon [_thread_blocked, id=17052, stack(0x000000262f500000,0x000000262f600000) (1024K)]
  0x00000210e065bb00 JavaThread "C1 CompilerThread3"         daemon [_thread_blocked, id=19224, stack(0x000000262f600000,0x000000262f700000) (1024K)]
  0x000002109ac4cc10 JavaThread "RMI TCP Accept-0"           daemon [_thread_in_native, id=12068, stack(0x000000262f700000,0x000000262f800000) (1024K)]
  0x000002109ac4e650 JavaThread "RMI TCP Connection(1)-26.171.46.84" daemon [_thread_in_native, id=20820, stack(0x000000262f800000,0x000000262f900000) (1024K)]
  0x000002109ac4ece0 JavaThread "RMI Scheduler(0)"           daemon [_thread_blocked, id=15180, stack(0x000000262f900000,0x000000262fa00000) (1024K)]
  0x000002109ac4b860 JavaThread "JMX server connection timeout 35" daemon [_thread_blocked, id=9584, stack(0x0000002630300000,0x0000002630400000) (1024K)]
  0x00000210e0e0e260 JavaThread "background-preinit"                [_thread_in_vm, id=16088, stack(0x0000002630400000,0x0000002630500000) (1024K)]
Total: 19

Other Threads:
  0x000002109ac20ce0 VMThread "VM Thread"                           [id=19544, stack(0x000000262e900000,0x000000262ea00000) (1024K)]
  0x000002109ac11ba0 WatcherThread "VM Periodic Task Thread"        [id=20424, stack(0x000000262e800000,0x000000262e900000) (1024K)]
  0x0000021089c99750 WorkerThread "GC Thread#0"                     [id=4488, stack(0x000000262e300000,0x000000262e400000) (1024K)]
  0x00000210e097f870 WorkerThread "GC Thread#1"                     [id=19912, stack(0x000000262fa00000,0x000000262fb00000) (1024K)]
  0x00000210e097fc20 WorkerThread "GC Thread#2"                     [id=9052, stack(0x000000262fb00000,0x000000262fc00000) (1024K)]
  0x00000210e0b82f00 WorkerThread "GC Thread#3"                     [id=12572, stack(0x000000262fc00000,0x000000262fd00000) (1024K)]
  0x00000210e0b832b0 WorkerThread "GC Thread#4"                     [id=1636, stack(0x000000262fd00000,0x000000262fe00000) (1024K)]
  0x00000210e0b83e70 WorkerThread "GC Thread#5"                     [id=8884, stack(0x000000262fe00000,0x000000262ff00000) (1024K)]
  0x00000210e0b84630 WorkerThread "GC Thread#6"                     [id=21184, stack(0x000000262ff00000,0x0000002630000000) (1024K)]
  0x00000210e0b8ea00 WorkerThread "GC Thread#7"                     [id=21336, stack(0x0000002630000000,0x0000002630100000) (1024K)]
  0x00000210e0b8ee00 WorkerThread "GC Thread#8"                     [id=11196, stack(0x0000002630100000,0x0000002630200000) (1024K)]
  0x00000210e0b907d0 WorkerThread "GC Thread#9"                     [id=7176, stack(0x0000002630200000,0x0000002630300000) (1024K)]
  0x0000021089cae800 ConcurrentGCThread "G1 Main Marker"            [id=11992, stack(0x000000262e400000,0x000000262e500000) (1024K)]
  0x0000021089caf220 WorkerThread "G1 Conc#0"                       [id=13200, stack(0x000000262e500000,0x000000262e600000) (1024K)]
  0x000002109aae65a0 ConcurrentGCThread "G1 Refine#0"               [id=21348, stack(0x000000262e600000,0x000000262e700000) (1024K)]
  0x000002109aae6f30 ConcurrentGCThread "G1 Service"                [id=15472, stack(0x000000262e700000,0x000000262e800000) (1024K)]
Total: 16

Threads with active compile tasks:
Total: 0

VM state: not at safepoint (normal execution)

VM Mutex/Monitor currently owned by a thread:  ([mutex/lock_event])
[0x00007ff8164f1890] Metaspace_lock - owner thread: 0x0000021089c41d80

Heap address: 0x0000000083600000, size: 1994 MB, Compressed Oops mode: 32-bit

CDS archive(s) mapped at: [0x000002109b000000-0x000002109bd70000-0x000002109bd70000), size 14090240, SharedBaseAddress: 0x000002109b000000, ArchiveRelocationMode: 1.
Compressed class space mapped at: 0x000002109c000000-0x00000210dc000000, reserved size: 1073741824
Narrow klass base: 0x000002109b000000, Narrow klass shift: 0, Narrow klass range: 0x41000000

GC Precious Log:
 CardTable entry size: 512
 Card Set container configuration: InlinePtr #cards 5 size 8 Array Of Cards #cards 10 size 36 Howl #buckets 4 coarsen threshold 1843 Howl Bitmap #cards 512 size 80 coarsen threshold 460 Card regions per heap region 1 cards per card region 2048
 CPUs: 12 total, 12 available
 Memory: 7971M
 Large Page Support: Disabled
 NUMA Support: Disabled
 Compressed Oops: Enabled (32-bit)
 Heap Region Size: 1M
 Heap Min Capacity: 8M
 Heap Initial Capacity: 126M
 Heap Max Capacity: 1994M
 Pre-touch: Disabled
 Parallel Workers: 10
 Concurrent Workers: 3
 Concurrent Refinement Workers: 10
 Periodic GC: Disabled

Heap:
 garbage-first heap   total reserved 2041856K, committed 129024K, used 11779K [0x0000000083600000, 0x0000000100000000)
  region size 1024K, 3 young (3072K), 2 survivors (2048K)
 Metaspace       used 12571K, committed 12864K, reserved 1114112K
  class space    used 1797K, committed 1920K, reserved 1048576K

Heap Regions: E=young(eden), S=young(survivor), O=old, HS=humongous(starts), HC=humongous(continues), CS=collection set, F=free, TAMS=top-at-mark-start, PB=parsable bottom
|   0|0x0000000083600000, 0x0000000083700000, 0x0000000083700000|100%|HS|  |TAMS 0x0000000083600000| PB 0x0000000083600000| Complete |  0
|   1|0x0000000083700000, 0x0000000083800000, 0x0000000083800000|100%|HS|  |TAMS 0x0000000083700000| PB 0x0000000083700000| Complete |  0
|   2|0x0000000083800000, 0x0000000083900000, 0x0000000083900000|100%| O|  |TAMS 0x0000000083800000| PB 0x0000000083800000| Untracked |  0
|   3|0x0000000083900000, 0x0000000083a00000, 0x0000000083a00000|100%| O|  |TAMS 0x0000000083900000| PB 0x0000000083900000| Untracked |  0
|   4|0x0000000083a00000, 0x0000000083b00000, 0x0000000083b00000|100%| O|  |TAMS 0x0000000083a00000| PB 0x0000000083a00000| Untracked |  0
|   5|0x0000000083b00000, 0x0000000083c00000, 0x0000000083c00000|100%| O|  |TAMS 0x0000000083b00000| PB 0x0000000083b00000| Untracked |  0
|   6|0x0000000083c00000, 0x0000000083d00000, 0x0000000083d00000|100%| O|  |TAMS 0x0000000083c00000| PB 0x0000000083c00000| Untracked |  0
|   7|0x0000000083d00000, 0x0000000083e00000, 0x0000000083e00000|100%| O|  |TAMS 0x0000000083d00000| PB 0x0000000083d00000| Untracked |  0
|   8|0x0000000083e00000, 0x0000000083f00000, 0x0000000083f00000|100%| O|  |TAMS 0x0000000083e00000| PB 0x0000000083e00000| Untracked |  0
|   9|0x0000000083f00000, 0x0000000083f9a6c8, 0x0000000084000000| 60%| O|  |TAMS 0x0000000083f00000| PB 0x0000000083f00000| Untracked |  0
|  10|0x0000000084000000, 0x0000000084000000, 0x0000000084100000|  0%| F|  |TAMS 0x0000000084000000| PB 0x0000000084000000| Untracked |  0
|  11|0x0000000084100000, 0x0000000084100000, 0x0000000084200000|  0%| F|  |TAMS 0x0000000084100000| PB 0x0000000084100000| Untracked |  0
|  12|0x0000000084200000, 0x0000000084200000, 0x0000000084300000|  0%| F|  |TAMS 0x0000000084200000| PB 0x0000000084200000| Untracked |  0
|  13|0x0000000084300000, 0x0000000084300000, 0x0000000084400000|  0%| F|  |TAMS 0x0000000084300000| PB 0x0000000084300000| Untracked |  0
|  14|0x0000000084400000, 0x0000000084400000, 0x0000000084500000|  0%| F|  |TAMS 0x0000000084400000| PB 0x0000000084400000| Untracked |  0
|  15|0x0000000084500000, 0x0000000084500000, 0x0000000084600000|  0%| F|  |TAMS 0x0000000084500000| PB 0x0000000084500000| Untracked |  0
|  16|0x0000000084600000, 0x0000000084600000, 0x0000000084700000|  0%| F|  |TAMS 0x0000000084600000| PB 0x0000000084600000| Untracked |  0
|  17|0x0000000084700000, 0x0000000084700000, 0x0000000084800000|  0%| F|  |TAMS 0x0000000084700000| PB 0x0000000084700000| Untracked |  0
|  18|0x0000000084800000, 0x0000000084800000, 0x0000000084900000|  0%| F|  |TAMS 0x0000000084800000| PB 0x0000000084800000| Untracked |  0
|  19|0x0000000084900000, 0x0000000084900000, 0x0000000084a00000|  0%| F|  |TAMS 0x0000000084900000| PB 0x0000000084900000| Untracked |  0
|  20|0x0000000084a00000, 0x0000000084a00000, 0x0000000084b00000|  0%| F|  |TAMS 0x0000000084a00000| PB 0x0000000084a00000| Untracked |  0
|  21|0x0000000084b00000, 0x0000000084b00000, 0x0000000084c00000|  0%| F|  |TAMS 0x0000000084b00000| PB 0x0000000084b00000| Untracked |  0
|  22|0x0000000084c00000, 0x0000000084c00000, 0x0000000084d00000|  0%| F|  |TAMS 0x0000000084c00000| PB 0x0000000084c00000| Untracked |  0
|  23|0x0000000084d00000, 0x0000000084d00000, 0x0000000084e00000|  0%| F|  |TAMS 0x0000000084d00000| PB 0x0000000084d00000| Untracked |  0
|  24|0x0000000084e00000, 0x0000000084e00000, 0x0000000084f00000|  0%| F|  |TAMS 0x0000000084e00000| PB 0x0000000084e00000| Untracked |  0
|  25|0x0000000084f00000, 0x0000000084f00000, 0x0000000085000000|  0%| F|  |TAMS 0x0000000084f00000| PB 0x0000000084f00000| Untracked |  0
|  26|0x0000000085000000, 0x0000000085000000, 0x0000000085100000|  0%| F|  |TAMS 0x0000000085000000| PB 0x0000000085000000| Untracked |  0
|  27|0x0000000085100000, 0x0000000085100000, 0x0000000085200000|  0%| F|  |TAMS 0x0000000085100000| PB 0x0000000085100000| Untracked |  0
|  28|0x0000000085200000, 0x0000000085200000, 0x0000000085300000|  0%| F|  |TAMS 0x0000000085200000| PB 0x0000000085200000| Untracked |  0
|  29|0x0000000085300000, 0x0000000085300000, 0x0000000085400000|  0%| F|  |TAMS 0x0000000085300000| PB 0x0000000085300000| Untracked |  0
|  30|0x0000000085400000, 0x0000000085400000, 0x0000000085500000|  0%| F|  |TAMS 0x0000000085400000| PB 0x0000000085400000| Untracked |  0
|  31|0x0000000085500000, 0x0000000085500000, 0x0000000085600000|  0%| F|  |TAMS 0x0000000085500000| PB 0x0000000085500000| Untracked |  0
|  32|0x0000000085600000, 0x0000000085600000, 0x0000000085700000|  0%| F|  |TAMS 0x0000000085600000| PB 0x0000000085600000| Untracked |  0
|  33|0x0000000085700000, 0x0000000085700000, 0x0000000085800000|  0%| F|  |TAMS 0x0000000085700000| PB 0x0000000085700000| Untracked |  0
|  34|0x0000000085800000, 0x0000000085800000, 0x0000000085900000|  0%| F|  |TAMS 0x0000000085800000| PB 0x0000000085800000| Untracked |  0
|  35|0x0000000085900000, 0x0000000085900000, 0x0000000085a00000|  0%| F|  |TAMS 0x0000000085900000| PB 0x0000000085900000| Untracked |  0
|  36|0x0000000085a00000, 0x0000000085a00000, 0x0000000085b00000|  0%| F|  |TAMS 0x0000000085a00000| PB 0x0000000085a00000| Untracked |  0
|  37|0x0000000085b00000, 0x0000000085b00000, 0x0000000085c00000|  0%| F|  |TAMS 0x0000000085b00000| PB 0x0000000085b00000| Untracked |  0
|  38|0x0000000085c00000, 0x0000000085c00000, 0x0000000085d00000|  0%| F|  |TAMS 0x0000000085c00000| PB 0x0000000085c00000| Untracked |  0
|  39|0x0000000085d00000, 0x0000000085d00000, 0x0000000085e00000|  0%| F|  |TAMS 0x0000000085d00000| PB 0x0000000085d00000| Untracked |  0
|  40|0x0000000085e00000, 0x0000000085e00000, 0x0000000085f00000|  0%| F|  |TAMS 0x0000000085e00000| PB 0x0000000085e00000| Untracked |  0
|  41|0x0000000085f00000, 0x0000000085f00000, 0x0000000086000000|  0%| F|  |TAMS 0x0000000085f00000| PB 0x0000000085f00000| Untracked |  0
|  42|0x0000000086000000, 0x0000000086000000, 0x0000000086100000|  0%| F|  |TAMS 0x0000000086000000| PB 0x0000000086000000| Untracked |  0
|  43|0x0000000086100000, 0x0000000086100000, 0x0000000086200000|  0%| F|  |TAMS 0x0000000086100000| PB 0x0000000086100000| Untracked |  0
|  44|0x0000000086200000, 0x0000000086200000, 0x0000000086300000|  0%| F|  |TAMS 0x0000000086200000| PB 0x0000000086200000| Untracked |  0
|  45|0x0000000086300000, 0x0000000086300000, 0x0000000086400000|  0%| F|  |TAMS 0x0000000086300000| PB 0x0000000086300000| Untracked |  0
|  46|0x0000000086400000, 0x0000000086400000, 0x0000000086500000|  0%| F|  |TAMS 0x0000000086400000| PB 0x0000000086400000| Untracked |  0
|  47|0x0000000086500000, 0x0000000086500000, 0x0000000086600000|  0%| F|  |TAMS 0x0000000086500000| PB 0x0000000086500000| Untracked |  0
|  48|0x0000000086600000, 0x0000000086600000, 0x0000000086700000|  0%| F|  |TAMS 0x0000000086600000| PB 0x0000000086600000| Untracked |  0
|  49|0x0000000086700000, 0x0000000086700000, 0x0000000086800000|  0%| F|  |TAMS 0x0000000086700000| PB 0x0000000086700000| Untracked |  0
|  50|0x0000000086800000, 0x0000000086800000, 0x0000000086900000|  0%| F|  |TAMS 0x0000000086800000| PB 0x0000000086800000| Untracked |  0
|  51|0x0000000086900000, 0x0000000086900000, 0x0000000086a00000|  0%| F|  |TAMS 0x0000000086900000| PB 0x0000000086900000| Untracked |  0
|  52|0x0000000086a00000, 0x0000000086a00000, 0x0000000086b00000|  0%| F|  |TAMS 0x0000000086a00000| PB 0x0000000086a00000| Untracked |  0
|  53|0x0000000086b00000, 0x0000000086b00000, 0x0000000086c00000|  0%| F|  |TAMS 0x0000000086b00000| PB 0x0000000086b00000| Untracked |  0
|  54|0x0000000086c00000, 0x0000000086c00000, 0x0000000086d00000|  0%| F|  |TAMS 0x0000000086c00000| PB 0x0000000086c00000| Untracked |  0
|  55|0x0000000086d00000, 0x0000000086d00000, 0x0000000086e00000|  0%| F|  |TAMS 0x0000000086d00000| PB 0x0000000086d00000| Untracked |  0
|  56|0x0000000086e00000, 0x0000000086e00000, 0x0000000086f00000|  0%| F|  |TAMS 0x0000000086e00000| PB 0x0000000086e00000| Untracked |  0
|  57|0x0000000086f00000, 0x0000000086f00000, 0x0000000087000000|  0%| F|  |TAMS 0x0000000086f00000| PB 0x0000000086f00000| Untracked |  0
|  58|0x0000000087000000, 0x0000000087000000, 0x0000000087100000|  0%| F|  |TAMS 0x0000000087000000| PB 0x0000000087000000| Untracked |  0
|  59|0x0000000087100000, 0x0000000087100000, 0x0000000087200000|  0%| F|  |TAMS 0x0000000087100000| PB 0x0000000087100000| Untracked |  0
|  60|0x0000000087200000, 0x0000000087200000, 0x0000000087300000|  0%| F|  |TAMS 0x0000000087200000| PB 0x0000000087200000| Untracked |  0
|  61|0x0000000087300000, 0x0000000087300000, 0x0000000087400000|  0%| F|  |TAMS 0x0000000087300000| PB 0x0000000087300000| Untracked |  0
|  62|0x0000000087400000, 0x0000000087400000, 0x0000000087500000|  0%| F|  |TAMS 0x0000000087400000| PB 0x0000000087400000| Untracked |  0
|  63|0x0000000087500000, 0x0000000087500000, 0x0000000087600000|  0%| F|  |TAMS 0x0000000087500000| PB 0x0000000087500000| Untracked |  0
|  64|0x0000000087600000, 0x0000000087600000, 0x0000000087700000|  0%| F|  |TAMS 0x0000000087600000| PB 0x0000000087600000| Untracked |  0
|  65|0x0000000087700000, 0x0000000087700000, 0x0000000087800000|  0%| F|  |TAMS 0x0000000087700000| PB 0x0000000087700000| Untracked |  0
|  66|0x0000000087800000, 0x0000000087800000, 0x0000000087900000|  0%| F|  |TAMS 0x0000000087800000| PB 0x0000000087800000| Untracked |  0
|  67|0x0000000087900000, 0x0000000087900000, 0x0000000087a00000|  0%| F|  |TAMS 0x0000000087900000| PB 0x0000000087900000| Untracked |  0
|  68|0x0000000087a00000, 0x0000000087a00000, 0x0000000087b00000|  0%| F|  |TAMS 0x0000000087a00000| PB 0x0000000087a00000| Untracked |  0
|  69|0x0000000087b00000, 0x0000000087b00000, 0x0000000087c00000|  0%| F|  |TAMS 0x0000000087b00000| PB 0x0000000087b00000| Untracked |  0
|  70|0x0000000087c00000, 0x0000000087c00000, 0x0000000087d00000|  0%| F|  |TAMS 0x0000000087c00000| PB 0x0000000087c00000| Untracked |  0
|  71|0x0000000087d00000, 0x0000000087d00000, 0x0000000087e00000|  0%| F|  |TAMS 0x0000000087d00000| PB 0x0000000087d00000| Untracked |  0
|  72|0x0000000087e00000, 0x0000000087e00000, 0x0000000087f00000|  0%| F|  |TAMS 0x0000000087e00000| PB 0x0000000087e00000| Untracked |  0
|  73|0x0000000087f00000, 0x0000000087f00000, 0x0000000088000000|  0%| F|  |TAMS 0x0000000087f00000| PB 0x0000000087f00000| Untracked |  0
|  74|0x0000000088000000, 0x0000000088000000, 0x0000000088100000|  0%| F|  |TAMS 0x0000000088000000| PB 0x0000000088000000| Untracked |  0
|  75|0x0000000088100000, 0x0000000088100000, 0x0000000088200000|  0%| F|  |TAMS 0x0000000088100000| PB 0x0000000088100000| Untracked |  0
|  76|0x0000000088200000, 0x0000000088200000, 0x0000000088300000|  0%| F|  |TAMS 0x0000000088200000| PB 0x0000000088200000| Untracked |  0
|  77|0x0000000088300000, 0x0000000088300000, 0x0000000088400000|  0%| F|  |TAMS 0x0000000088300000| PB 0x0000000088300000| Untracked |  0
|  78|0x0000000088400000, 0x0000000088400000, 0x0000000088500000|  0%| F|  |TAMS 0x0000000088400000| PB 0x0000000088400000| Untracked |  0
|  79|0x0000000088500000, 0x0000000088500000, 0x0000000088600000|  0%| F|  |TAMS 0x0000000088500000| PB 0x0000000088500000| Untracked |  0
|  80|0x0000000088600000, 0x0000000088600000, 0x0000000088700000|  0%| F|  |TAMS 0x0000000088600000| PB 0x0000000088600000| Untracked |  0
|  81|0x0000000088700000, 0x0000000088700000, 0x0000000088800000|  0%| F|  |TAMS 0x0000000088700000| PB 0x0000000088700000| Untracked |  0
|  82|0x0000000088800000, 0x0000000088800000, 0x0000000088900000|  0%| F|  |TAMS 0x0000000088800000| PB 0x0000000088800000| Untracked |  0
|  83|0x0000000088900000, 0x0000000088900000, 0x0000000088a00000|  0%| F|  |TAMS 0x0000000088900000| PB 0x0000000088900000| Untracked |  0
|  84|0x0000000088a00000, 0x0000000088a00000, 0x0000000088b00000|  0%| F|  |TAMS 0x0000000088a00000| PB 0x0000000088a00000| Untracked |  0
|  85|0x0000000088b00000, 0x0000000088b00000, 0x0000000088c00000|  0%| F|  |TAMS 0x0000000088b00000| PB 0x0000000088b00000| Untracked |  0
|  86|0x0000000088c00000, 0x0000000088c00000, 0x0000000088d00000|  0%| F|  |TAMS 0x0000000088c00000| PB 0x0000000088c00000| Untracked |  0
|  87|0x0000000088d00000, 0x0000000088d00000, 0x0000000088e00000|  0%| F|  |TAMS 0x0000000088d00000| PB 0x0000000088d00000| Untracked |  0
|  88|0x0000000088e00000, 0x0000000088e00000, 0x0000000088f00000|  0%| F|  |TAMS 0x0000000088e00000| PB 0x0000000088e00000| Untracked |  0
|  89|0x0000000088f00000, 0x0000000088f00000, 0x0000000089000000|  0%| F|  |TAMS 0x0000000088f00000| PB 0x0000000088f00000| Untracked |  0
|  90|0x0000000089000000, 0x0000000089000000, 0x0000000089100000|  0%| F|  |TAMS 0x0000000089000000| PB 0x0000000089000000| Untracked |  0
|  91|0x0000000089100000, 0x0000000089100000, 0x0000000089200000|  0%| F|  |TAMS 0x0000000089100000| PB 0x0000000089100000| Untracked |  0
|  92|0x0000000089200000, 0x0000000089200000, 0x0000000089300000|  0%| F|  |TAMS 0x0000000089200000| PB 0x0000000089200000| Untracked |  0
|  93|0x0000000089300000, 0x0000000089300000, 0x0000000089400000|  0%| F|  |TAMS 0x0000000089300000| PB 0x0000000089300000| Untracked |  0
|  94|0x0000000089400000, 0x0000000089400000, 0x0000000089500000|  0%| F|  |TAMS 0x0000000089400000| PB 0x0000000089400000| Untracked |  0
|  95|0x0000000089500000, 0x0000000089500000, 0x0000000089600000|  0%| F|  |TAMS 0x0000000089500000| PB 0x0000000089500000| Untracked |  0
|  96|0x0000000089600000, 0x0000000089600000, 0x0000000089700000|  0%| F|  |TAMS 0x0000000089600000| PB 0x0000000089600000| Untracked |  0
|  97|0x0000000089700000, 0x0000000089700000, 0x0000000089800000|  0%| F|  |TAMS 0x0000000089700000| PB 0x0000000089700000| Untracked |  0
|  98|0x0000000089800000, 0x0000000089800000, 0x0000000089900000|  0%| F|  |TAMS 0x0000000089800000| PB 0x0000000089800000| Untracked |  0
|  99|0x0000000089900000, 0x0000000089900000, 0x0000000089a00000|  0%| F|  |TAMS 0x0000000089900000| PB 0x0000000089900000| Untracked |  0
| 100|0x0000000089a00000, 0x0000000089a00000, 0x0000000089b00000|  0%| F|  |TAMS 0x0000000089a00000| PB 0x0000000089a00000| Untracked |  0
| 101|0x0000000089b00000, 0x0000000089b00000, 0x0000000089c00000|  0%| F|  |TAMS 0x0000000089b00000| PB 0x0000000089b00000| Untracked |  0
| 102|0x0000000089c00000, 0x0000000089c00000, 0x0000000089d00000|  0%| F|  |TAMS 0x0000000089c00000| PB 0x0000000089c00000| Untracked |  0
| 103|0x0000000089d00000, 0x0000000089de68c8, 0x0000000089e00000| 90%| S|CS|TAMS 0x0000000089d00000| PB 0x0000000089d00000| Complete |  0
| 104|0x0000000089e00000, 0x0000000089f00000, 0x0000000089f00000|100%| S|CS|TAMS 0x0000000089e00000| PB 0x0000000089e00000| Complete |  0
| 105|0x0000000089f00000, 0x0000000089f00000, 0x000000008a000000|  0%| F|  |TAMS 0x0000000089f00000| PB 0x0000000089f00000| Untracked |  0
| 106|0x000000008a000000, 0x000000008a000000, 0x000000008a100000|  0%| F|  |TAMS 0x000000008a000000| PB 0x000000008a000000| Untracked |  0
| 107|0x000000008a100000, 0x000000008a100000, 0x000000008a200000|  0%| F|  |TAMS 0x000000008a100000| PB 0x000000008a100000| Untracked |  0
| 108|0x000000008a200000, 0x000000008a200000, 0x000000008a300000|  0%| F|  |TAMS 0x000000008a200000| PB 0x000000008a200000| Untracked |  0
| 109|0x000000008a300000, 0x000000008a300000, 0x000000008a400000|  0%| F|  |TAMS 0x000000008a300000| PB 0x000000008a300000| Untracked |  0
| 110|0x000000008a400000, 0x000000008a400000, 0x000000008a500000|  0%| F|  |TAMS 0x000000008a400000| PB 0x000000008a400000| Untracked |  0
| 111|0x000000008a500000, 0x000000008a500000, 0x000000008a600000|  0%| F|  |TAMS 0x000000008a500000| PB 0x000000008a500000| Untracked |  0
| 112|0x000000008a600000, 0x000000008a600000, 0x000000008a700000|  0%| F|  |TAMS 0x000000008a600000| PB 0x000000008a600000| Untracked |  0
| 113|0x000000008a700000, 0x000000008a700000, 0x000000008a800000|  0%| F|  |TAMS 0x000000008a700000| PB 0x000000008a700000| Untracked |  0
| 114|0x000000008a800000, 0x000000008a800000, 0x000000008a900000|  0%| F|  |TAMS 0x000000008a800000| PB 0x000000008a800000| Untracked |  0
| 115|0x000000008a900000, 0x000000008a900000, 0x000000008aa00000|  0%| F|  |TAMS 0x000000008a900000| PB 0x000000008a900000| Untracked |  0
| 116|0x000000008aa00000, 0x000000008aa00000, 0x000000008ab00000|  0%| F|  |TAMS 0x000000008aa00000| PB 0x000000008aa00000| Untracked |  0
| 117|0x000000008ab00000, 0x000000008ab00000, 0x000000008ac00000|  0%| F|  |TAMS 0x000000008ab00000| PB 0x000000008ab00000| Untracked |  0
| 118|0x000000008ac00000, 0x000000008ac00000, 0x000000008ad00000|  0%| F|  |TAMS 0x000000008ac00000| PB 0x000000008ac00000| Untracked |  0
| 119|0x000000008ad00000, 0x000000008ad00000, 0x000000008ae00000|  0%| F|  |TAMS 0x000000008ad00000| PB 0x000000008ad00000| Untracked |  0
| 120|0x000000008ae00000, 0x000000008ae00000, 0x000000008af00000|  0%| F|  |TAMS 0x000000008ae00000| PB 0x000000008ae00000| Untracked |  0
| 121|0x000000008af00000, 0x000000008af00000, 0x000000008b000000|  0%| F|  |TAMS 0x000000008af00000| PB 0x000000008af00000| Untracked |  0
| 122|0x000000008b000000, 0x000000008b000000, 0x000000008b100000|  0%| F|  |TAMS 0x000000008b000000| PB 0x000000008b000000| Untracked |  0
| 123|0x000000008b100000, 0x000000008b100000, 0x000000008b200000|  0%| F|  |TAMS 0x000000008b100000| PB 0x000000008b100000| Untracked |  0
| 124|0x000000008b200000, 0x000000008b200000, 0x000000008b300000|  0%| F|  |TAMS 0x000000008b200000| PB 0x000000008b200000| Untracked |  0
| 125|0x000000008b300000, 0x000000008b400000, 0x000000008b400000|100%| E|  |TAMS 0x000000008b300000| PB 0x000000008b300000| Complete |  0

Card table byte_map: [0x0000021095cb0000,0x00000210960a0000] _byte_map_base: 0x0000021095895000

Marking Bits: (CMBitMap*) 0x0000021089c99d70
 Bits: [0x00000210960a0000, 0x0000021097fc8000)

Polling page: 0x0000021087960000

Metaspace:

Usage:
  Non-class:     10.52 MB used.
      Class:      1.76 MB used.
       Both:     12.28 MB used.

Virtual space:
  Non-class space:       64.00 MB reserved,      10.69 MB ( 17%) committed,  1 nodes.
      Class space:        1.00 GB reserved,       1.88 MB ( <1%) committed,  1 nodes.
             Both:        1.06 GB reserved,      12.56 MB (  1%) committed. 

Chunk freelists:
   Non-Class:  5.30 MB
       Class:  14.00 MB
        Both:  19.30 MB

MaxMetaspaceSize: unlimited
CompressedClassSpaceSize: 1.00 GB
Initial GC threshold: 21.00 MB
Current GC threshold: 21.00 MB
CDS: on
 - commit_granule_bytes: 65536.
 - commit_granule_words: 8192.
 - virtual_space_node_default_size: 8388608.
 - enlarge_chunks_in_place: 1.
 - use_allocation_guard: 0.


Internal statistics:

num_allocs_failed_limit: 0.
num_arena_births: 406.
num_arena_deaths: 0.
num_vsnodes_births: 2.
num_vsnodes_deaths: 0.
num_space_committed: 201.
num_space_uncommitted: 0.
num_chunks_returned_to_freelist: 0.
num_chunks_taken_from_freelist: 721.
num_chunk_merges: 0.
num_chunk_splits: 459.
num_chunks_enlarged: 288.
num_inconsistent_stats: 0.

CodeCache: size=49152Kb used=5776Kb max_used=5776Kb free=43375Kb
 bounds [0x0000021092370000, 0x0000021092920000, 0x0000021095370000]
 total_blobs=2855, nmethods=2340, adapters=437, full_count=0
Compilation: enabled, stopped_count=0, restarted_count=0

Compilation events (20 events):
Event: 1.355 Thread 0x00000210e065bb00 nmethod 2328 0x0000021092910308 code [0x0000021092910440, 0x0000021092910620]
Event: 1.355 Thread 0x00000210e00b5ab0 nmethod 2327 0x0000021092910688 code [0x00000210929107c0, 0x00000210929109d8]
Event: 1.355 Thread 0x000002109ac4fc10 2329   !   1       jdk.internal.ref.PhantomCleanable::isListEmpty (34 bytes)
Event: 1.355 Thread 0x00000210e00b5ab0 2330       1       jdk.internal.misc.InnocuousThread::eraseThreadLocals (23 bytes)
Event: 1.355 Thread 0x00000210e065bb00 2331   !   1       java.lang.ref.ReferenceQueue::remove (61 bytes)
Event: 1.355 Thread 0x00000210e00b28c0 nmethod 2326 0x0000021092910a08 code [0x0000021092910ba0, 0x0000021092910ee8]
Event: 1.355 Thread 0x00000210e00b28c0 2332       1       java.lang.ref.ReferenceQueue::remove0 (64 bytes)
Event: 1.355 Thread 0x00000210e00b5ab0 nmethod 2330 0x0000021092910f88 code [0x00000210929110a0, 0x0000021092911220]
Event: 1.355 Thread 0x000002109ac4fc10 nmethod 2329 0x0000021092911288 code [0x00000210929113a0, 0x0000021092911608]
Event: 1.355 Thread 0x00000210e00b5ab0 2333       1       java.lang.invoke.MethodHandleNatives$CallSiteContext::run (5 bytes)
Event: 1.355 Thread 0x00000210e00b5ab0 nmethod 2333 0x0000021092911688 code [0x00000210929117a0, 0x0000021092911880]
Event: 1.356 Thread 0x00000210e00b28c0 nmethod 2332 0x0000021092911988 code [0x0000021092911ae0, 0x0000021092911d68]
Event: 1.356 Thread 0x00000210e065bb00 nmethod 2331 0x0000021092911d88 code [0x0000021092911f40, 0x00000210929123d0]
Event: 1.356 Thread 0x00000210e00b5ab0 2334       1       org.springframework.core.ResolvableType::getInterfaces (80 bytes)
Event: 1.356 Thread 0x000002109ac4fc10 2335       1       org.springframework.core.ResolvableType::asVariableResolver (18 bytes)
Event: 1.356 Thread 0x00000210e065bb00 2336       1       org.springframework.core.ResolvableType$DefaultVariableResolver::<init> (10 bytes)
Event: 1.356 Thread 0x00000210e00b28c0 2337       1       org.springframework.core.ResolvableType::forType (17 bytes)
Event: 1.356 Thread 0x00000210e065bb00 nmethod 2336 0x0000021092912488 code [0x00000210929125a0, 0x00000210929126b0]
Event: 1.356 Thread 0x000002109ac4fc10 nmethod 2335 0x0000021092912788 code [0x00000210929128a0, 0x0000021092912a50]
Event: 1.356 Thread 0x00000210e065bb00 2338       1       sun.reflect.generics.reflectiveObjects.ParameterizedTypeImpl::getActualTypeArguments (11 bytes)

GC Heap History (4 events):
Event: 0.803 GC heap before
{Heap before GC invocations=0 (full 0):
 garbage-first heap   total reserved 2041856K, committed 129024K, used 25600K [0x0000000083600000, 0x0000000100000000)
  region size 1024K, 24 young (24576K), 0 survivors (0K)
 Metaspace       used 7521K, committed 7680K, reserved 1114112K
  class space    used 959K, committed 1024K, reserved 1048576K
}
Event: 0.810 GC heap after
{Heap after GC invocations=1 (full 0):
 garbage-first heap   total reserved 2041856K, committed 129024K, used 9589K [0x0000000083600000, 0x0000000100000000)
  region size 1024K, 3 young (3072K), 3 survivors (3072K)
 Metaspace       used 7521K, committed 7680K, reserved 1114112K
  class space    used 959K, committed 1024K, reserved 1048576K
}
Event: 1.350 GC heap before
{Heap before GC invocations=1 (full 0):
 garbage-first heap   total reserved 2041856K, committed 129024K, used 31093K [0x0000000083600000, 0x0000000100000000)
  region size 1024K, 24 young (24576K), 3 survivors (3072K)
 Metaspace       used 12565K, committed 12864K, reserved 1114112K
  class space    used 1795K, committed 1920K, reserved 1048576K
}
Event: 1.355 GC heap after
{Heap after GC invocations=2 (full 0):
 garbage-first heap   total reserved 2041856K, committed 129024K, used 11779K [0x0000000083600000, 0x0000000100000000)
  region size 1024K, 2 young (2048K), 2 survivors (2048K)
 Metaspace       used 12565K, committed 12864K, reserved 1114112K
  class space    used 1795K, committed 1920K, reserved 1048576K
}

Dll operation events (11 events):
Event: 0.012 Loaded shared library C:\Users\USER\.jdks\openjdk-23\bin\java.dll
Event: 0.193 Loaded shared library C:\Users\USER\.jdks\openjdk-23\bin\zip.dll
Event: 0.197 Loaded shared library C:\Users\USER\.jdks\openjdk-23\bin\instrument.dll
Event: 0.202 Loaded shared library C:\Users\USER\.jdks\openjdk-23\bin\net.dll
Event: 0.204 Loaded shared library C:\Users\USER\.jdks\openjdk-23\bin\nio.dll
Event: 0.208 Loaded shared library C:\Users\USER\.jdks\openjdk-23\bin\zip.dll
Event: 0.341 Loaded shared library C:\Users\USER\AppData\Local\Programs\IntelliJ IDEA Ultimate\bin\breakgen64.dll
Event: 0.347 Loaded shared library C:\Users\USER\.jdks\openjdk-23\bin\jimage.dll
Event: 0.349 Loaded shared library C:\Users\USER\.jdks\openjdk-23\bin\extnet.dll
Event: 0.368 Loaded shared library C:\Users\USER\.jdks\openjdk-23\bin\management.dll
Event: 0.378 Loaded shared library C:\Users\USER\.jdks\openjdk-23\bin\management_ext.dll

Deoptimization events (0 events):
No events

Classes loaded (20 events):
Event: 1.250 Loading class java/util/stream/IntPipeline$4$1
Event: 1.250 Loading class java/util/stream/Sink$ChainedInt
Event: 1.250 Loading class java/util/stream/Sink$ChainedInt done
Event: 1.250 Loading class java/util/stream/IntPipeline$4$1 done
Event: 1.251 Loading class java/util/stream/IntPipeline$10$1
Event: 1.251 Loading class java/util/stream/IntPipeline$10$1 done
Event: 1.251 Loading class java/util/RegularEnumSet$EnumSetIterator
Event: 1.252 Loading class java/util/RegularEnumSet$EnumSetIterator done
Event: 1.271 Loading class java/util/concurrent/Executors$DefaultThreadFactory
Event: 1.272 Loading class java/util/concurrent/Executors$DefaultThreadFactory done
Event: 1.285 Loading class java/util/Collections$UnmodifiableMap$UnmodifiableEntrySet
Event: 1.286 Loading class java/util/Collections$UnmodifiableMap$UnmodifiableEntrySet done
Event: 1.286 Loading class java/util/Collections$UnmodifiableMap$UnmodifiableEntrySet$UnmodifiableEntrySetSpliterator
Event: 1.286 Loading class java/util/Collections$UnmodifiableMap$UnmodifiableEntrySet$UnmodifiableEntrySetSpliterator done
Event: 1.287 Loading class java/util/Collections$UnmodifiableMap$UnmodifiableEntrySet$UnmodifiableEntry
Event: 1.288 Loading class java/util/Collections$UnmodifiableMap$UnmodifiableEntrySet$UnmodifiableEntry done
Event: 1.299 Loading class java/util/Stack
Event: 1.299 Loading class java/util/Stack done
Event: 1.299 Loading class java/util/Vector$Itr
Event: 1.300 Loading class java/util/Vector$Itr done

Classes unloaded (0 events):
No events

Classes redefined (0 events):
No events

Internal exceptions (20 events):
Event: 1.045 Thread 0x0000021089c41d80 Exception <a 'java/lang/NoSuchMethodError'{0x000000008a97e5b0}: 'void java.lang.invoke.DirectMethodHandle$Holder.invokeStaticInit(java.lang.Object, java.lang.Object)'> (0x000000008a97e5b0) 
thrown [s\open\src\hotspot\share\interpreter\linkResolver.cpp, line 796]
Event: 1.051 Thread 0x0000021089c41d80 Exception <a 'java/lang/NoSuchMethodError'{0x000000008a9be230}: 'int java.lang.invoke.DirectMethodHandle$Holder.invokeStatic(java.lang.Object, java.lang.Object, java.lang.Object, java.lang.Object)'> (0x000000008a9be230) 
thrown [s\open\src\hotspot\share\interpreter\linkResolver.cpp, line 796]
Event: 1.062 Thread 0x0000021089c41d80 Exception <a 'java/lang/NoSuchMethodError'{0x000000008a824a58}: 'java.lang.Object java.lang.invoke.DirectMethodHandle$Holder.invokeSpecial(java.lang.Object, java.lang.Object, java.lang.Object, java.lang.Object, java.lang.Object, java.lang.Object, int)'> (0x000000008a824a58) 
thrown [s\open\src\hotspot\share\interpreter\linkResolver.cpp, line 796]
Event: 1.062 Thread 0x0000021089c41d80 Exception <a 'java/lang/NoSuchMethodError'{0x000000008a82e160}: 'java.lang.Object java.lang.invoke.DirectMethodHandle$Holder.newInvokeSpecial(java.lang.Object, java.lang.Object, java.lang.Object, java.lang.Object, java.lang.Object, java.lang.Object, int)'> (0x000000008a82e160) 
thrown [s\open\src\hotspot\share\interpreter\linkResolver.cpp, line 796]
Event: 1.062 Thread 0x0000021089c41d80 Exception <a 'java/lang/NoSuchMethodError'{0x000000008a832808}: 'java.lang.Object java.lang.invoke.DirectMethodHandle$Holder.invokeSpecial(java.lang.Object, java.lang.Object, java.lang.Object, java.lang.Object, java.lang.Object, java.lang.Object, java.lang.Object, int)'> (0x000000008a832808) 
thrown [s\open\src\hotspot\share\interpreter\linkResolver.cpp, line 796]
Event: 1.096 Thread 0x0000021089c41d80 Exception <a 'java/lang/NoSuchMethodError'{0x000000008a769c98}: 'void java.lang.invoke.DirectMethodHandle$Holder.invokeSpecial(java.lang.Object, java.lang.Object, java.lang.Object, java.lang.Object, java.lang.Object)'> (0x000000008a769c98) 
thrown [s\open\src\hotspot\share\interpreter\linkResolver.cpp, line 796]
Event: 1.158 Thread 0x0000021089c41d80 Exception <a 'java/lang/NoSuchMethodError'{0x000000008a5d6698}: 'void java.lang.invoke.DirectMethodHandle$Holder.invokeSpecial(java.lang.Object, java.lang.Object, java.lang.Object, java.lang.Object, java.lang.Object, java.lang.Object)'> (0x000000008a5d6698) 
thrown [s\open\src\hotspot\share\interpreter\linkResolver.cpp, line 796]
Event: 1.181 Thread 0x0000021089c41d80 Exception <a 'java/lang/NoSuchMethodError'{0x000000008a478ef8}: 'java.lang.Object java.lang.invoke.DirectMethodHandle$Holder.invokeSpecial(java.lang.Object, java.lang.Object, java.lang.Object, int, java.lang.Object)'> (0x000000008a478ef8) 
thrown [s\open\src\hotspot\share\interpreter\linkResolver.cpp, line 796]
Event: 1.181 Thread 0x0000021089c41d80 Exception <a 'java/lang/NoSuchMethodError'{0x000000008a4808e8}: 'java.lang.Object java.lang.invoke.DirectMethodHandle$Holder.newInvokeSpecial(java.lang.Object, java.lang.Object, java.lang.Object, int, java.lang.Object)'> (0x000000008a4808e8) 
thrown [s\open\src\hotspot\share\interpreter\linkResolver.cpp, line 796]
Event: 1.181 Thread 0x0000021089c41d80 Exception <a 'java/lang/NoSuchMethodError'{0x000000008a487ec0}: 'java.lang.Object java.lang.invoke.Invokers$Holder.linkToTargetMethod(java.lang.Object, java.lang.Object, int, java.lang.Object, java.lang.Object)'> (0x000000008a487ec0) 
thrown [s\open\src\hotspot\share\interpreter\linkResolver.cpp, line 796]
Event: 1.182 Thread 0x0000021089c41d80 Exception <a 'java/lang/NoSuchMethodError'{0x000000008a48eb40}: 'int java.lang.invoke.DirectMethodHandle$Holder.invokeStatic(java.lang.Object, int, java.lang.Object, java.lang.Object)'> (0x000000008a48eb40) 
thrown [s\open\src\hotspot\share\interpreter\linkResolver.cpp, line 796]
Event: 1.182 Thread 0x0000021089c41d80 Exception <a 'java/lang/NoSuchMethodError'{0x000000008a495968}: 'java.lang.Object java.lang.invoke.DirectMethodHandle$Holder.newInvokeSpecial(java.lang.Object, int, java.lang.Object)'> (0x000000008a495968) 
thrown [s\open\src\hotspot\share\interpreter\linkResolver.cpp, line 796]
Event: 1.182 Thread 0x0000021089c41d80 Exception <a 'java/lang/NoSuchMethodError'{0x000000008a4996f0}: 'int java.lang.invoke.DirectMethodHandle$Holder.invokeSpecialIFC(java.lang.Object, java.lang.Object, java.lang.Object, java.lang.Object)'> (0x000000008a4996f0) 
thrown [s\open\src\hotspot\share\interpreter\linkResolver.cpp, line 796]
Event: 1.199 Thread 0x0000021089c41d80 Exception <a 'java/lang/NoSuchMethodError'{0x000000008a35a3f0}: 'void java.lang.invoke.DirectMethodHandle$Holder.invokeInterface(java.lang.Object, java.lang.Object, java.lang.Object)'> (0x000000008a35a3f0) 
thrown [s\open\src\hotspot\share\interpreter\linkResolver.cpp, line 796]
Event: 1.215 Thread 0x0000021089c41d80 Exception <a 'java/lang/NoSuchMethodError'{0x000000008a3d70f0}: 'java.lang.Object java.lang.invoke.DirectMethodHandle$Holder.invokeVirtual(java.lang.Object, java.lang.Object, java.lang.Object)'> (0x000000008a3d70f0) 
thrown [s\open\src\hotspot\share\interpreter\linkResolver.cpp, line 796]
Event: 1.236 Thread 0x000002109ac4e650 Exception <a 'java/lang/NoSuchMethodError'{0x000000008b0ef3a0}: 'long java.lang.invoke.DirectMethodHandle$Holder.invokeVirtual(java.lang.Object, java.lang.Object)'> (0x000000008b0ef3a0) 
thrown [s\open\src\hotspot\share\interpreter\linkResolver.cpp, line 796]
Event: 1.236 Thread 0x000002109ac4e650 Exception <a 'java/lang/NoSuchMethodError'{0x000000008b0f2998}: 'long java.lang.invoke.DelegatingMethodHandle$Holder.reinvoke_L(java.lang.Object, java.lang.Object)'> (0x000000008b0f2998) 
thrown [s\open\src\hotspot\share\interpreter\linkResolver.cpp, line 796]
Event: 1.248 Thread 0x0000021089c41d80 Exception <a 'java/lang/NoSuchMethodError'{0x000000008a2fe568}: 'void java.lang.invoke.DirectMethodHandle$Holder.invokeStatic(java.lang.Object, java.lang.Object, int)'> (0x000000008a2fe568) 
thrown [s\open\src\hotspot\share\interpreter\linkResolver.cpp, line 796]
Event: 1.255 Thread 0x0000021089c41d80 Exception <a 'java/lang/NoSuchMethodError'{0x000000008a10dc48}: 'void java.lang.invoke.DirectMethodHandle$Holder.invokeStaticInit(java.lang.Object, java.lang.Object, java.lang.Object)'> (0x000000008a10dc48) 
thrown [s\open\src\hotspot\share\interpreter\linkResolver.cpp, line 796]
Event: 1.273 Thread 0x0000021089c41d80 Exception <a 'java/lang/NoSuchMethodError'{0x000000008a1a9600}: 'void java.lang.invoke.DirectMethodHandle$Holder.invokeVirtual(java.lang.Object, java.lang.Object, java.lang.Object, java.lang.Object)'> (0x000000008a1a9600) 
thrown [s\open\src\hotspot\share\interpreter\linkResolver.cpp, line 796]

VM Operations (20 events):
Event: 0.621 Executing VM operation: HandshakeAllThreads (Deoptimize)
Event: 0.621 Executing VM operation: HandshakeAllThreads (Deoptimize) done
Event: 0.662 Executing VM operation: HandshakeAllThreads (Deoptimize)
Event: 0.662 Executing VM operation: HandshakeAllThreads (Deoptimize) done
Event: 0.666 Executing VM operation: HandshakeAllThreads (Deoptimize)
Event: 0.666 Executing VM operation: HandshakeAllThreads (Deoptimize) done
Event: 0.676 Executing VM operation: HandshakeAllThreads (Deoptimize)
Event: 0.676 Executing VM operation: HandshakeAllThreads (Deoptimize) done
Event: 0.683 Executing VM operation: HandshakeAllThreads (Deoptimize)
Event: 0.683 Executing VM operation: HandshakeAllThreads (Deoptimize) done
Event: 0.802 Executing VM operation: G1CollectForAllocation (G1 Evacuation Pause)
Event: 0.810 Executing VM operation: G1CollectForAllocation (G1 Evacuation Pause) done
Event: 0.818 Executing VM operation: HandshakeAllThreads (Deoptimize)
Event: 0.818 Executing VM operation: HandshakeAllThreads (Deoptimize) done
Event: 0.928 Executing VM operation: HandshakeAllThreads (Deoptimize)
Event: 0.928 Executing VM operation: HandshakeAllThreads (Deoptimize) done
Event: 1.346 Executing VM operation: HandshakeAllThreads (Deoptimize)
Event: 1.346 Executing VM operation: HandshakeAllThreads (Deoptimize) done
Event: 1.350 Executing VM operation: G1CollectForAllocation (G1 Evacuation Pause)
Event: 1.355 Executing VM operation: G1CollectForAllocation (G1 Evacuation Pause) done

Memory protections (0 events):
No events

Nmethod flushes (0 events):
No events

Events (19 events):
Event: 0.028 Thread 0x0000021089c41d80 Thread added: 0x0000021089c41d80
Event: 0.039 Thread 0x0000021089c41d80 Thread added: 0x000002109ac38b00
Event: 0.039 Thread 0x0000021089c41d80 Thread added: 0x000002109ac39bd0
Event: 0.039 Thread 0x0000021089c41d80 Thread added: 0x000002109ac3f350
Event: 0.039 Thread 0x0000021089c41d80 Thread added: 0x000002109ac40f20
Event: 0.039 Thread 0x0000021089c41d80 Thread added: 0x000002109ac4adb0
Event: 0.039 Thread 0x0000021089c41d80 Thread added: 0x000002109ac4d930
Event: 0.039 Thread 0x0000021089c41d80 Thread added: 0x000002109ac4fc10
Event: 0.175 Thread 0x0000021089c41d80 Thread added: 0x000002109ac4d2a0
Event: 0.182 Thread 0x000002109ac4fc10 Thread added: 0x00000210e00b28c0
Event: 0.183 Thread 0x00000210e00b28c0 Thread added: 0x00000210e00b5ab0
Event: 0.341 Thread 0x0000021089c41d80 Thread added: 0x000002109ac4dfc0
Event: 0.341 Thread 0x0000021089c41d80 Thread added: 0x000002109ac4c580
Event: 0.488 Thread 0x00000210e00b28c0 Thread added: 0x00000210e065bb00
Event: 0.607 Thread 0x0000021089c41d80 Thread added: 0x000002109ac4cc10
Event: 0.761 Thread 0x000002109ac4cc10 Thread added: 0x000002109ac4e650
Event: 0.797 Thread 0x000002109ac4e650 Thread added: 0x000002109ac4ece0
Event: 0.816 Thread 0x000002109ac4e650 Thread added: 0x000002109ac4b860
Event: 1.350 Thread 0x0000021089c41d80 Thread added: 0x00000210e0e0e260


Dynamic libraries:
0x00007ff6fe950000 - 0x00007ff6fe95e000 	C:\Users\USER\.jdks\openjdk-23\bin\java.exe
0x00007ff84d8d0000 - 0x00007ff84dac8000 	C:\Windows\SYSTEM32\ntdll.dll
0x00007ff84c5b0000 - 0x00007ff84c672000 	C:\Windows\System32\KERNEL32.DLL
0x00007ff84b4a0000 - 0x00007ff84b79f000 	C:\Windows\System32\KERNELBASE.dll
0x00007ff84b7a0000 - 0x00007ff84b8a0000 	C:\Windows\System32\ucrtbase.dll
0x00007ff842880000 - 0x00007ff84289b000 	C:\Users\USER\.jdks\openjdk-23\bin\VCRUNTIME140.dll
0x00007ff844ce0000 - 0x00007ff844cf7000 	C:\Users\USER\.jdks\openjdk-23\bin\jli.dll
0x00007ff84cdc0000 - 0x00007ff84cf5d000 	C:\Windows\System32\USER32.dll
0x00007ff84afe0000 - 0x00007ff84b002000 	C:\Windows\System32\win32u.dll
0x00007ff832cb0000 - 0x00007ff832f4a000 	C:\Windows\WinSxS\amd64_microsoft.windows.common-controls_6595b64144ccf1df_6.0.19041.4355_none_60b8b9eb71f62e16\COMCTL32.dll
0x00007ff84b9b0000 - 0x00007ff84b9db000 	C:\Windows\System32\GDI32.dll
0x00007ff84cf60000 - 0x00007ff84cffe000 	C:\Windows\System32\msvcrt.dll
0x00007ff84b0b0000 - 0x00007ff84b1ca000 	C:\Windows\System32\gdi32full.dll
0x00007ff84b010000 - 0x00007ff84b0ad000 	C:\Windows\System32\msvcp_win.dll
0x00007ff84c850000 - 0x00007ff84c87f000 	C:\Windows\System32\IMM32.DLL
0x00007ff844d20000 - 0x00007ff844d2c000 	C:\Users\USER\.jdks\openjdk-23\bin\vcruntime140_1.dll
0x00007ff83f750000 - 0x00007ff83f7de000 	C:\Users\USER\.jdks\openjdk-23\bin\msvcp140.dll
0x00007ff815880000 - 0x00007ff8165cf000 	C:\Users\USER\.jdks\openjdk-23\bin\server\jvm.dll
0x00007ff84b8f0000 - 0x00007ff84b99f000 	C:\Windows\System32\ADVAPI32.dll
0x00007ff84b9e0000 - 0x00007ff84ba7f000 	C:\Windows\System32\sechost.dll
0x00007ff84c480000 - 0x00007ff84c5a3000 	C:\Windows\System32\RPCRT4.dll
0x00007ff84b280000 - 0x00007ff84b2a7000 	C:\Windows\System32\bcrypt.dll
0x00007ff84d690000 - 0x00007ff84d6fb000 	C:\Windows\System32\WS2_32.dll
0x00007ff84a4d0000 - 0x00007ff84a51b000 	C:\Windows\SYSTEM32\POWRPROF.dll
0x00007ff8407c0000 - 0x00007ff8407ca000 	C:\Windows\SYSTEM32\VERSION.dll
0x00007ff837b30000 - 0x00007ff837b57000 	C:\Windows\SYSTEM32\WINMM.dll
0x00007ff84a340000 - 0x00007ff84a352000 	C:\Windows\SYSTEM32\UMPDC.dll
0x00007ff849750000 - 0x00007ff849762000 	C:\Windows\SYSTEM32\kernel.appcore.dll
0x00007ff844cd0000 - 0x00007ff844cda000 	C:\Users\USER\.jdks\openjdk-23\bin\jimage.dll
0x00007ff849470000 - 0x00007ff849654000 	C:\Windows\SYSTEM32\DBGHELP.DLL
0x00007ff840340000 - 0x00007ff840374000 	C:\Windows\SYSTEM32\dbgcore.DLL
0x00007ff84b410000 - 0x00007ff84b492000 	C:\Windows\System32\bcryptPrimitives.dll
0x00007ff83f860000 - 0x00007ff83f86f000 	C:\Users\USER\.jdks\openjdk-23\bin\instrument.dll
0x00007ff83fb60000 - 0x00007ff83fb7e000 	C:\Users\USER\.jdks\openjdk-23\bin\java.dll
0x00007ff84cbe0000 - 0x00007ff84cd0b000 	C:\Windows\System32\ole32.dll
0x00007ff84c880000 - 0x00007ff84cbd5000 	C:\Windows\System32\combase.dll
0x00007ff84ba80000 - 0x00007ff84c1ed000 	C:\Windows\System32\SHELL32.dll
0x00007ff848cc0000 - 0x00007ff849464000 	C:\Windows\SYSTEM32\windows.storage.dll
0x00007ff84a9a0000 - 0x00007ff84a9cb000 	C:\Windows\SYSTEM32\Wldp.dll
0x00007ff84c210000 - 0x00007ff84c2dd000 	C:\Windows\System32\OLEAUT32.dll
0x00007ff84d7e0000 - 0x00007ff84d88d000 	C:\Windows\System32\SHCORE.dll
0x00007ff84c2e0000 - 0x00007ff84c335000 	C:\Windows\System32\shlwapi.dll
0x00007ff84aea0000 - 0x00007ff84aec5000 	C:\Windows\SYSTEM32\profapi.dll
0x00007ff83f910000 - 0x00007ff83f927000 	C:\Users\USER\.jdks\openjdk-23\bin\zip.dll
0x00007ff841590000 - 0x00007ff8415a0000 	C:\Users\USER\.jdks\openjdk-23\bin\net.dll
0x00007ff84a6c0000 - 0x00007ff84a72c000 	C:\Windows\system32\mswsock.dll
0x00007ff83fab0000 - 0x00007ff83fac6000 	C:\Users\USER\.jdks\openjdk-23\bin\nio.dll
0x00007ff83ef10000 - 0x00007ff83ef2a000 	C:\Users\USER\AppData\Local\Programs\IntelliJ IDEA Ultimate\bin\breakgen64.dll
0x00007ff83f740000 - 0x00007ff83f749000 	C:\Users\USER\.jdks\openjdk-23\bin\extnet.dll
0x00007ff84a3b0000 - 0x00007ff84a47a000 	C:\Windows\SYSTEM32\DNSAPI.dll
0x00007ff84a360000 - 0x00007ff84a39b000 	C:\Windows\SYSTEM32\IPHLPAPI.DLL
0x00007ff84c840000 - 0x00007ff84c848000 	C:\Windows\System32\NSI.dll
0x00007ff83faf0000 - 0x00007ff83fafa000 	C:\Windows\System32\rasadhlp.dll
0x00007ff83df80000 - 0x00007ff83e000000 	C:\Windows\System32\fwpuclnt.dll
0x00007ff83fb30000 - 0x00007ff83fb3a000 	C:\Users\USER\.jdks\openjdk-23\bin\management.dll
0x00007ff83f900000 - 0x00007ff83f90b000 	C:\Users\USER\.jdks\openjdk-23\bin\management_ext.dll
0x00007ff84c710000 - 0x00007ff84c718000 	C:\Windows\System32\PSAPI.DLL
0x00007ff84a8d0000 - 0x00007ff84a8e8000 	C:\Windows\SYSTEM32\CRYPTSP.dll
0x00007ff849f70000 - 0x00007ff849fa8000 	C:\Windows\system32\rsaenh.dll
0x00007ff84ae60000 - 0x00007ff84ae8e000 	C:\Windows\SYSTEM32\USERENV.dll
0x00007ff84a8f0000 - 0x00007ff84a8fc000 	C:\Windows\SYSTEM32\CRYPTBASE.dll
0x00007ff82a910000 - 0x00007ff82a927000 	C:\Windows\system32\napinsp.dll
0x00007ff82a8f0000 - 0x00007ff82a90b000 	C:\Windows\system32\pnrpnsp.dll
0x00007ff82a8d0000 - 0x00007ff82a8e5000 	C:\Windows\system32\wshbth.dll
0x00007ff842ae0000 - 0x00007ff842afd000 	C:\Windows\system32\NLAapi.dll
0x00007ff82a8b0000 - 0x00007ff82a8c2000 	C:\Windows\System32\winrnr.dll

dbghelp: loaded successfully - version: 4.0.5 - missing functions: none
symbol engine: initialized successfully - sym options: 0x614 - pdb path: .;C:\Users\USER\.jdks\openjdk-23\bin;C:\Windows\SYSTEM32;C:\Windows\WinSxS\amd64_microsoft.windows.common-controls_6595b64144ccf1df_6.0.19041.4355_none_60b8b9eb71f62e16;C:\Users\USER\.jdks\openjdk-23\bin\server;C:\Users\USER\AppData\Local\Programs\IntelliJ IDEA Ultimate\bin

VM Arguments:
jvm_args: -XX:TieredStopAtLevel=1 -Dspring.output.ansi.enabled=always -Dcom.sun.management.jmxremote -Dspring.jmx.enabled=true -Dspring.liveBeansView.mbeanDomain -Dspring.application.admin.enabled=true -Dmanagement.endpoints.jmx.exposure.include=* -javaagent:C:\Users\USER\AppData\Local\Programs\IntelliJ IDEA Ultimate\lib\idea_rt.jar=62847:C:\Users\USER\AppData\Local\Programs\IntelliJ IDEA Ultimate\bin -Dfile.encoding=UTF-8 -Dsun.stdout.encoding=UTF-8 -Dsun.stderr.encoding=UTF-8 
java_command: com.zosh.zosh_social_youtube.ZoshSocialYoutubeApplication
java_class_path (initial): E:\hoctap\java\YAKI_SOCIALMEDIA\yaki_social_media(backend)\target\classes;C:\Users\USER\.m2\repository\org\springframework\boot\spring-boot-starter-web\3.4.2\spring-boot-starter-web-3.4.2.jar;C:\Users\USER\.m2\repository\org\springframework\boot\spring-boot-starter\3.4.2\spring-boot-starter-3.4.2.jar;C:\Users\USER\.m2\repository\org\springframework\boot\spring-boot\3.4.2\spring-boot-3.4.2.jar;C:\Users\USER\.m2\repository\org\springframework\boot\spring-boot-autoconfigure\3.4.2\spring-boot-autoconfigure-3.4.2.jar;C:\Users\USER\.m2\repository\org\springframework\boot\spring-boot-starter-logging\3.4.2\spring-boot-starter-logging-3.4.2.jar;C:\Users\USER\.m2\repository\ch\qos\logback\logback-classic\1.5.16\logback-classic-1.5.16.jar;C:\Users\USER\.m2\repository\ch\qos\logback\logback-core\1.5.16\logback-core-1.5.16.jar;C:\Users\USER\.m2\repository\org\apache\logging\log4j\log4j-to-slf4j\2.24.3\log4j-to-slf4j-2.24.3.jar;C:\Users\USER\.m2\repository\org\apache\logging\log4j\log4j-api\2.24.3\log4j-api-2.24.3.jar;C:\Users\USER\.m2\repository\org\slf4j\jul-to-slf4j\2.0.16\jul-to-slf4j-2.0.16.jar;C:\Users\USER\.m2\repository\jakarta\annotation\jakarta.annotation-api\2.1.1\jakarta.annotation-api-2.1.1.jar;C:\Users\USER\.m2\repository\org\yaml\snakeyaml\2.3\snakeyaml-2.3.jar;C:\Users\USER\.m2\repository\org\springframework\boot\spring-boot-starter-json\3.4.2\spring-boot-starter-json-3.4.2.jar;C:\Users\USER\.m2\repository\com\fasterxml\jackson\datatype\jackson-datatype-jdk8\2.18.2\jackson-datatype-jdk8-2.18.2.jar;C:\Users\USER\.m2\repository\com\fasterxml\jackson\module\jackson-module-parameter-names\2.18.2\jackson-module-parameter-names-2.18.2.jar;C:\Users\USER\.m2\repository\org\springframework\boot\spring-boot-starter-tomcat\3.4.2\spring-boot-starter-tomcat-3.4.2.jar;C:\Users\USER\.m2\repository\org\apache\tomcat\embed\tomcat-embed-core\10.1.34\tomcat-embed-core-10.1.34.jar;C:\Users\USER\.m2\repository\org\apache\tomcat\embed\tomcat-embed-websocket\10.1.34\tomcat-embed-websocket-10.1.34.jar;C:\Users\USER\.m2\repository\org\springframework\spring-web\6.2.2\spring-web-6.2.2.jar;C:\Users\USER\.m2\repository\org\springframework\spring-beans\6.2.2\spring-beans-6.2.2.jar;C:\Users\USER\.m2\repository\io\micrometer\micrometer-observation\1.14.3\micrometer-observation-1.14.3.jar;C:\Users\USER\.m2\repository\io\micrometer\micrometer-commons\1.14.3\micrometer-commons-1.14.3.jar;C:\Users\USER\.m2\repository\org\springframework\spring-webmvc\6.2.2\spring-webmvc-6.2.2.jar;C:\Users\USER\.m2\repository\org\springframework\spring-aop\6.2.2\spring-aop-6.2.2.jar;C:\Users\USER\.m2\repository\org\springframework\spring-context\6.2.2\spring-context-6.2.2.jar;C:\Users\USER\.m2\repository\org\springframework\spring-expression\6.2.2\spring-expression-6.2.2.jar;C:\Users\USER\.m2\repository\org\springframework\boot\spring-boot-starter-data-jpa\3.4.2\spring-boot-starter-data-jpa-3.4.2.jar;C:\Users\USER\.m2\repository\org\springframework\boot\spring-boot-starter-jdbc\3.4.2\spring-boot-starter-jdbc-3.4.2.jar;C:\Users\USER\.m2\repository\com\zaxxer\HikariCP\5.1.0\HikariCP-5.1.0.jar;C:\Users\USER\.m2\repository\org\springframework\spring-jdbc\6.2.2\spring-jdbc-6.2.2.jar;C:\Users\USER\.m2\repository\org\hibernate\orm\hibernate-core\6.6.5.Final\hibernate-core-6.6.5.Final.jar;C:\Users\USER\.m2\repository\jakarta\persistence\jakarta.persistence-api\3.1.0\jakarta.persistence-api-3.1.0.jar;C:\Users\USER\.m2\repository\jakarta\transaction\jakarta.transaction-api\2.0.1\jakarta.transaction-api-2.0.1.jar;C:\Users\USER\.m2\repository\org\jboss\logging\jboss-logging\3.6.1.Final\jboss-logging-3.6.1.Final.jar;C:\Users\USER\.m2\repository\org\hibernate\common\hibernate-commons-annotations\7.0.3.Final\hibernate-commons-annotations-7.0.3.Final.jar;C:\Users\USER\.m2\repository\io\smallrye\jandex\3.2.0\jandex-3.2.0.jar;C:\Users\USER\.m2\repository\com\fasterxml\classmate\1.7.0\classmate-1.7.0.jar;C:\Users\USER\.m2\repository\net\bytebuddy\byte-buddy\1.15.11\byte-buddy-1.15.11.jar;C:\Users\USER\.m2\repository\org\glassfish\jaxb\jaxb-runtime\4.0.5\jaxb-runtime-4.0.5.jar;C:\Users\USER\.m2\repository\org\glassfish\jaxb\jaxb-core\4.0.5\jaxb-core-4.0.5.jar;C:\Users\USER\.m2\repository\org\eclipse\angus\angus-activation\2.0.2\angus-activation-2.0.2.jar;C:\Users\USER\.m2\repository\org\glassfish\jaxb\txw2\4.0.5\txw2-4.0.5.jar;C:\Users\USER\.m2\repository\com\sun\istack\istack-commons-runtime\4.1.2\istack-commons-runtime-4.1.2.jar;C:\Users\USER\.m2\repository\jakarta\inject\jakarta.inject-api\2.0.1\jakarta.inject-api-2.0.1.jar;C:\Users\USER\.m2\repository\org\antlr\antlr4-runtime\4.13.0\antlr4-runtime-4.13.0.jar;C:\Users\USER\.m2\repository\org\springframework\data\spring-data-jpa\3.4.2\spring-data-jpa-3.4.2.jar;C:\Users\USER\.m2\repository\org\springframework\data\spring-data-commons\3.4.2\spring-data-commons-3.4.2.jar;C:\Users\USER\.m2\repository\org\springframework\spring-orm\6.2.2\spring-orm-6.2.2.jar;C:\Users\USER\.m2\repository\org\springframework\spring-tx\6.2.2\spring-tx-6.2.2.jar;C:\Users\USER\.m2\repository\org\slf4j\slf4j-api\2.0.16\slf4j-api-2.0.16.jar;C:\Users\USER\.m2\repository\org\springframework\spring-aspects\6.2.2\spring-aspects-6.2.2.jar;C:\Users\USER\.m2\repository\org\aspectj\aspectjweaver\1.9.22.1\aspectjweaver-1.9.22.1.jar;C:\Users\USER\.m2\repository\org\springframework\boot\spring-boot-starter-oauth2-resource-server\3.4.2\spring-boot-starter-oauth2-resource-server-3.4.2.jar;C:\Users\USER\.m2\repository\org\springframework\security\spring-security-config\6.4.2\spring-security-config-6.4.2.jar;C:\Users\USER\.m2\repository\org\springframework\security\spring-security-core\6.4.2\spring-security-core-6.4.2.jar;C:\Users\USER\.m2\repository\org\springframework\security\spring-security-oauth2-resource-server\6.4.2\spring-security-oauth2-resource-server-6.4.2.jar;C:\Users\USER\.m2\repository\org\springframework\security\spring-security-oauth2-core\6.4.2\spring-security-oauth2-core-6.4.2.jar;C:\Users\USER\.m2\repository\org\springframework\security\spring-security-oauth2-jose\6.4.2\spring-security-oauth2-jose-6.4.2.jar;C:\Users\USER\.m2\repository\com\nimbusds\nimbus-jose-jwt\9.37.3\nimbus-jose-jwt-9.37.3.jar;C:\Users\USER\.m2\repository\com\github\stephenc\jcip\jcip-annotations\1.0-1\jcip-annotations-1.0-1.jar;C:\Users\USER\.m2\repository\org\springframework\boot\spring-boot-starter-validation\3.4.2\spring-boot-starter-validation-3.4.2.jar;C:\Users\USER\.m2\repository\org\apache\tomcat\embed\tomcat-embed-el\10.1.34\tomcat-embed-el-10.1.34.jar;C:\Users\USER\.m2\repository\org\hibernate\validator\hibernate-validator\8.0.2.Final\hibernate-validator-8.0.2.Final.jar;C:\Users\USER\.m2\repository\jakarta\validation\jakarta.validation-api\3.0.2\jakarta.validation-api-3.0.2.jar;C:\Users\USER\.m2\repository\org\springframework\security\spring-security-crypto\6.4.2\spring-security-crypto-6.4.2.jar;C:\Users\USER\.m2\repository\com\mysql\mysql-connector-j\9.1.0\mysql-connector-j-9.1.0.jar;C:\Users\USER\.m2\repository\org\mapstruct\mapstruct\1.5.5.Final\mapstruct-1.5.5.Final.jar;C:\Users\USER\.m2\repository\org\mapstruct\mapstruct-processor\1.5.5.Final\mapstruct-processor-1.5.5.Final.jar;C:\Users\USER\.m2\repository\org\projectlombok\lombok\1.18.30\lombok-1.18.30.jar;C:\Users\USER\.m2\repository\com\fasterxml\jackson\datatype\jackson-datatype-jsr310\2.18.2\jackson-datatype-jsr310-2.18.2.jar;C:\Users\USER\.m2\repository\com\fasterxml\jackson\core\jackson-annotations\2.18.2\jackson-annotations-2.18.2.jar;C:\Users\USER\.m2\repository\com\fasterxml\jackson\core\jackson-core\2.18.2\jackson-core-2.18.2.jar;C:\Users\USER\.m2\repository\com\fasterxml\jackson\core\jackson-databind\2.18.2\jackson-databind-2.18.2.jar;C:\Users\USER\.m2\repository\jakarta\xml\bind\jakarta.xml.bind-api\4.0.2\jakarta.xml.bind-api-4.0.2.jar;C:\Users\USER\.m2\repository\jakarta\activation\jakarta.activation-api\2.1.3\jakarta.activation-api-2.1.3.jar;C:\Users\USER\.m2\repository\org\springframework\spring-core\6.2.2\spring-core-6.2.2.jar;C:\Users\USER\.m2\repository\org\springframework\spring-jcl\6.2.2\spring-jcl-6.2.2.jar;C:\Users\USER\.m2\repository\org\springframework\security\spring-security-web\6.4.2\spring-security-web-6.4.2.jar
Launcher Type: SUN_STANDARD

[Global flags]
     intx CICompilerCount                          = 4                                         {product} {ergonomic}
     uint ConcGCThreads                            = 3                                         {product} {ergonomic}
     uint G1ConcRefinementThreads                  = 10                                        {product} {ergonomic}
   size_t G1HeapRegionSize                         = 1048576                                   {product} {ergonomic}
   size_t InitialHeapSize                          = 132120576                                 {product} {ergonomic}
     bool ManagementServer                         = true                                      {product} {command line}
   size_t MarkStackSize                            = 4194304                                   {product} {ergonomic}
   size_t MarkStackSizeMax                         = 536870912                                 {product} {ergonomic}
   size_t MaxHeapSize                              = 2090860544                                {product} {ergonomic}
   size_t MaxNewSize                               = 1254096896                                {product} {ergonomic}
   size_t MinHeapDeltaBytes                        = 1048576                                   {product} {ergonomic}
   size_t MinHeapSize                              = 8388608                                   {product} {ergonomic}
    uintx NonNMethodCodeHeapSize                   = 4096                                   {pd product} {ergonomic}
    uintx NonProfiledCodeHeapSize                  = 0                                      {pd product} {ergonomic}
     bool ProfileInterpreter                       = false                                  {pd product} {command line}
    uintx ProfiledCodeHeapSize                     = 0                                      {pd product} {ergonomic}
   size_t SoftMaxHeapSize                          = 2090860544                             {manageable} {ergonomic}
     intx TieredStopAtLevel                        = 1                                         {product} {command line}
     bool UseCompressedOops                        = true                           {product lp64_product} {ergonomic}
     bool UseG1GC                                  = true                                      {product} {ergonomic}
     bool UseLargePagesIndividualAllocation        = false                                  {pd product} {ergonomic}

Logging:
Log output configuration:
 #0: stdout all=warning uptime,level,tags foldmultilines=false
 #1: stderr all=off uptime,level,tags foldmultilines=false

Environment Variables:
JAVA_HOME=C:\Program Files\Java\jre1.8.0_191
PATH=C:\Program Files\Common Files\Oracle\Java\javapath;C:\Program Files (x86)\Common Files\Oracle\Java\javapath;C:\ProgramData\Oracle\Java\javapath;C:\Windows\system32;C:\Windows;C:\Windows\System32\Wbem;C:\Windows\System32\WindowsPowerShell\v1.0\;C:\Windows\System32\OpenSSH\;C:\Program Files\Azure Data Studio\bin;C:\apache-maven-3.6.0\bin;C:\Program Files\Java\jre1.8.0_191\bin;C:\xampp\php;C:\Program Files\Git\cmd;C:\Program Files (x86)\Microsoft SQL Server\160\Tools\Binn\;C:\Program Files\Microsoft SQL Server\160\Tools\Binn\;C:\Program Files\Microsoft SQL Server\Client SDK\ODBC\170\Tools\Binn\;C:\Program Files\Microsoft SQL Server\160\DTS\Binn\;C:\Program Files\nodejs\;C:\Program Files\Docker\Docker\resources\bin;C:\Program Files\Microsoft SQL Server\150\Tools\Binn\;E:\Study\laravel\php;C:\ProgramData\ComposerSetup\bin;C:\Program Files\Microsoft SQL Server\130\DTS\Binn\;C:\Program Files\Microsoft SQL Server\140\DTS\Binn\;C:\Program Files\Microsoft SQL Server\150\DTS\Binn\;C:\Program Files\MySQL\MySQL Shell 8.0\bin\;C:\Users\USER\AppData\Local\Programs\Python\Launcher\;C:\Users\USER\AppData\Local\Microsoft\WindowsApps;C:\Users\USER\AppData\Local\Programs\Microsoft VS Code\bin;e:\hoctap\VSCode\.vscode\FontEnd\Hello\python\noi.py;C:\Users\USER\AppData\Roaming\Microsoft\Windows\Start Menu\Programs\Python 3.10;C:\Users\USER\AppData\Roaming\npm;D:\interract\mongosh-2.2.12-win32-x64\bin;C:\Users\USER\.dotnet\tools;C:\Users\USER\AppData\Roaming\Composer\vendor\bin;C:\Users\USER\AppData\Local\JetBrains\Toolbox\scripts;C:\Users\USER\AppData\Local\GitHubDesktop\bin
USERNAME=USER
OS=Windows_NT
PROCESSOR_IDENTIFIER=Intel64 Family 6 Model 141 Stepping 1, GenuineIntel
TMP=C:\Users\USER\AppData\Local\Temp
TEMP=C:\Users\USER\AppData\Local\Temp




Periodic native trim disabled

---------------  S Y S T E M  ---------------

OS:
 Windows 10 , 64 bit Build 19041 (10.0.19041.5438)
OS uptime: 0 days 0:10 hours
Hyper-V role detected

CPU: total 12 (initial active 12) (6 cores per cpu, 2 threads per core) family 6 model 141 stepping 1 microcode 0x3c, cx8, cmov, fxsr, ht, mmx, 3dnowpref, sse, sse2, sse3, ssse3, sse4.1, sse4.2, popcnt, lzcnt, tsc, tscinvbit, avx, avx2, aes, erms, clmul, bmi1, bmi2, adx, avx512f, avx512dq, avx512cd, avx512bw, avx512vl, sha, fma, vzeroupper, avx512_vpopcntdq, avx512_vpclmulqdq, avx512_vaes, avx512_vnni, clflush, clflushopt, clwb, avx512_vbmi2, avx512_vbmi, hv, rdtscp, rdpid, fsrm, gfni, avx512_bitalg, f16c, cet_ibt, cet_ss, avx512_ifma
Processor Information for the first 12 processors :
  Max Mhz: 2688, Current Mhz: 2688, Mhz Limit: 2688

Memory: 4k page, system-wide physical 7971M (405M free)
TotalPageFile size 29472M (AvailPageFile size 1M)
current process WorkingSet (physical memory assigned to process): 101M, peak: 101M
current process commit charge ("private bytes"): 238M, peak: 238M

vm_info: OpenJDK 64-Bit Server VM (23+37-2369) for windows-amd64 JRE (23+37-2369), built on 2024-08-20T16:01:23Z with MS VC++ 17.6 (VS2022)

END.
